(0.006) 
            SELECT name, type FROM sqlite_master
            WHERE type in ('table', 'view') AND NOT name='sqlite_sequence'
            ORDER BY name; args=None
(0.004) SELECT "django_migrations"."app", "django_migrations"."name" FROM "django_migrations"; args=()
(0.007) 
            SELECT name, type FROM sqlite_master
            WHERE type in ('table', 'view') AND NOT name='sqlite_sequence'
            ORDER BY name; args=None
(0.011) SELECT "django_migrations"."app", "django_migrations"."name" FROM "django_migrations"; args=()
(0.003) 
            SELECT name, type FROM sqlite_master
            WHERE type in ('table', 'view') AND NOT name='sqlite_sequence'
            ORDER BY name; args=None
(0.002) SELECT "django_migrations"."app", "django_migrations"."name" FROM "django_migrations"; args=()
(0.003) 
            SELECT name, type FROM sqlite_master
            WHERE type in ('table', 'view') AND NOT name='sqlite_sequence'
            ORDER BY name; args=None
(0.002) SELECT "django_migrations"."app", "django_migrations"."name" FROM "django_migrations"; args=()
(0.003) 
            SELECT name, type FROM sqlite_master
            WHERE type in ('table', 'view') AND NOT name='sqlite_sequence'
            ORDER BY name; args=None
(0.002) SELECT "django_migrations"."app", "django_migrations"."name" FROM "django_migrations"; args=()
(0.017) 
            SELECT name, type FROM sqlite_master
            WHERE type in ('table', 'view') AND NOT name='sqlite_sequence'
            ORDER BY name; args=None
(0.002) SELECT "django_migrations"."app", "django_migrations"."name" FROM "django_migrations"; args=()
(0.003) 
            SELECT name, type FROM sqlite_master
            WHERE type in ('table', 'view') AND NOT name='sqlite_sequence'
            ORDER BY name; args=None
(0.003) SELECT "django_migrations"."app", "django_migrations"."name" FROM "django_migrations"; args=()
(0.009) 
            SELECT name, type FROM sqlite_master
            WHERE type in ('table', 'view') AND NOT name='sqlite_sequence'
            ORDER BY name; args=None
(0.003) SELECT "django_migrations"."app", "django_migrations"."name" FROM "django_migrations"; args=()
(0.003) 
            SELECT name, type FROM sqlite_master
            WHERE type in ('table', 'view') AND NOT name='sqlite_sequence'
            ORDER BY name; args=None
(0.002) SELECT "django_migrations"."app", "django_migrations"."name" FROM "django_migrations"; args=()
(0.003) 
            SELECT name, type FROM sqlite_master
            WHERE type in ('table', 'view') AND NOT name='sqlite_sequence'
            ORDER BY name; args=None
(0.002) SELECT "django_migrations"."app", "django_migrations"."name" FROM "django_migrations"; args=()
(0.003) 
            SELECT name, type FROM sqlite_master
            WHERE type in ('table', 'view') AND NOT name='sqlite_sequence'
            ORDER BY name; args=None
(0.002) SELECT "django_migrations"."app", "django_migrations"."name" FROM "django_migrations"; args=()
(0.004) 
            SELECT name, type FROM sqlite_master
            WHERE type in ('table', 'view') AND NOT name='sqlite_sequence'
            ORDER BY name; args=None
(0.002) SELECT "django_migrations"."app", "django_migrations"."name" FROM "django_migrations"; args=()
(0.003) 
            SELECT name, type FROM sqlite_master
            WHERE type in ('table', 'view') AND NOT name='sqlite_sequence'
            ORDER BY name; args=None
(0.002) SELECT "django_migrations"."app", "django_migrations"."name" FROM "django_migrations"; args=()
(0.003) 
            SELECT name, type FROM sqlite_master
            WHERE type in ('table', 'view') AND NOT name='sqlite_sequence'
            ORDER BY name; args=None
(0.002) SELECT "django_migrations"."app", "django_migrations"."name" FROM "django_migrations"; args=()
(0.003) 
            SELECT name, type FROM sqlite_master
            WHERE type in ('table', 'view') AND NOT name='sqlite_sequence'
            ORDER BY name; args=None
(0.002) SELECT "django_migrations"."app", "django_migrations"."name" FROM "django_migrations"; args=()
(0.003) 
            SELECT name, type FROM sqlite_master
            WHERE type in ('table', 'view') AND NOT name='sqlite_sequence'
            ORDER BY name; args=None
(0.002) SELECT "django_migrations"."app", "django_migrations"."name" FROM "django_migrations"; args=()
(0.004) 
            SELECT name, type FROM sqlite_master
            WHERE type in ('table', 'view') AND NOT name='sqlite_sequence'
            ORDER BY name; args=None
(0.002) SELECT "django_migrations"."app", "django_migrations"."name" FROM "django_migrations"; args=()
(0.003) 
            SELECT name, type FROM sqlite_master
            WHERE type in ('table', 'view') AND NOT name='sqlite_sequence'
            ORDER BY name; args=None
(0.002) SELECT "django_migrations"."app", "django_migrations"."name" FROM "django_migrations"; args=()
(0.003) 
            SELECT name, type FROM sqlite_master
            WHERE type in ('table', 'view') AND NOT name='sqlite_sequence'
            ORDER BY name; args=None
(0.002) SELECT "django_migrations"."app", "django_migrations"."name" FROM "django_migrations"; args=()
"GET / HTTP/1.0" 200 1767
Exception while resolving variable 'name' in template 'unknown'.
Traceback (most recent call last):
  File "/usr/local/lib/python3.4/dist-packages/django/core/handlers/exception.py", line 39, in inner
    response = get_response(request)
  File "/usr/local/lib/python3.4/dist-packages/django/core/handlers/base.py", line 249, in _legacy_get_response
    response = self._get_response(request)
  File "/usr/local/lib/python3.4/dist-packages/django/core/handlers/base.py", line 172, in _get_response
    resolver_match = resolver.resolve(request.path_info)
  File "/usr/local/lib/python3.4/dist-packages/django/urls/resolvers.py", line 297, in resolve
    raise Resolver404({'tried': tried, 'path': new_path})
django.urls.exceptions.Resolver404: {'path': 'favicon.ico', 'tried': [[<RegexURLResolver <RegexURLPattern list> (admin:admin) ^admin/>]]}

During handling of the above exception, another exception occurred:

Traceback (most recent call last):
  File "/usr/local/lib/python3.4/dist-packages/django/template/base.py", line 885, in _resolve_lookup
    current = current[bit]
TypeError: 'RegexURLResolver' object is not subscriptable

During handling of the above exception, another exception occurred:

Traceback (most recent call last):
  File "/usr/local/lib/python3.4/dist-packages/django/template/base.py", line 893, in _resolve_lookup
    current = getattr(current, bit)
AttributeError: 'RegexURLResolver' object has no attribute 'name'

During handling of the above exception, another exception occurred:

Traceback (most recent call last):
  File "/usr/local/lib/python3.4/dist-packages/django/template/base.py", line 900, in _resolve_lookup
    current = current[int(bit)]
ValueError: invalid literal for int() with base 10: 'name'

During handling of the above exception, another exception occurred:

Traceback (most recent call last):
  File "/usr/local/lib/python3.4/dist-packages/django/template/base.py", line 907, in _resolve_lookup
    (bit, current))  # missing attribute
django.template.base.VariableDoesNotExist: Failed lookup for key [name] in '<RegexURLResolver <RegexURLPattern list> (admin:admin) ^admin/>'
Not Found: /favicon.ico
"GET /favicon.ico HTTP/1.0" 404 1933
(0.005) 
            SELECT name, type FROM sqlite_master
            WHERE type in ('table', 'view') AND NOT name='sqlite_sequence'
            ORDER BY name; args=None
(0.002) SELECT "django_migrations"."app", "django_migrations"."name" FROM "django_migrations"; args=()
(0.004) 
            SELECT name, type FROM sqlite_master
            WHERE type in ('table', 'view') AND NOT name='sqlite_sequence'
            ORDER BY name; args=None
(0.002) SELECT "django_migrations"."app", "django_migrations"."name" FROM "django_migrations"; args=()
"GET / HTTP/1.0" 200 1767
Exception while resolving variable 'name' in template 'unknown'.
Traceback (most recent call last):
  File "/usr/local/lib/python3.4/dist-packages/django/core/handlers/exception.py", line 39, in inner
    response = get_response(request)
  File "/usr/local/lib/python3.4/dist-packages/django/core/handlers/base.py", line 249, in _legacy_get_response
    response = self._get_response(request)
  File "/usr/local/lib/python3.4/dist-packages/django/core/handlers/base.py", line 172, in _get_response
    resolver_match = resolver.resolve(request.path_info)
  File "/usr/local/lib/python3.4/dist-packages/django/urls/resolvers.py", line 297, in resolve
    raise Resolver404({'tried': tried, 'path': new_path})
django.urls.exceptions.Resolver404: {'path': 'favicon.ico', 'tried': [[<RegexURLResolver <RegexURLPattern list> (admin:admin) ^admin/>]]}

During handling of the above exception, another exception occurred:

Traceback (most recent call last):
  File "/usr/local/lib/python3.4/dist-packages/django/template/base.py", line 885, in _resolve_lookup
    current = current[bit]
TypeError: 'RegexURLResolver' object is not subscriptable

During handling of the above exception, another exception occurred:

Traceback (most recent call last):
  File "/usr/local/lib/python3.4/dist-packages/django/template/base.py", line 893, in _resolve_lookup
    current = getattr(current, bit)
AttributeError: 'RegexURLResolver' object has no attribute 'name'

During handling of the above exception, another exception occurred:

Traceback (most recent call last):
  File "/usr/local/lib/python3.4/dist-packages/django/template/base.py", line 900, in _resolve_lookup
    current = current[int(bit)]
ValueError: invalid literal for int() with base 10: 'name'

During handling of the above exception, another exception occurred:

Traceback (most recent call last):
  File "/usr/local/lib/python3.4/dist-packages/django/template/base.py", line 907, in _resolve_lookup
    (bit, current))  # missing attribute
django.template.base.VariableDoesNotExist: Failed lookup for key [name] in '<RegexURLResolver <RegexURLPattern list> (admin:admin) ^admin/>'
Not Found: /favicon.ico
"GET /favicon.ico HTTP/1.0" 404 1933
(0.004) 
            SELECT name, type FROM sqlite_master
            WHERE type in ('table', 'view') AND NOT name='sqlite_sequence'
            ORDER BY name; args=None
(0.002) SELECT "django_migrations"."app", "django_migrations"."name" FROM "django_migrations"; args=()
"GET / HTTP/1.0" 200 1767
(0.006) 
            SELECT name, type FROM sqlite_master
            WHERE type in ('table', 'view') AND NOT name='sqlite_sequence'
            ORDER BY name; args=None
(0.003) SELECT "django_migrations"."app", "django_migrations"."name" FROM "django_migrations"; args=()
(0.004) 
            SELECT name, type FROM sqlite_master
            WHERE type in ('table', 'view') AND NOT name='sqlite_sequence'
            ORDER BY name; args=None
(0.003) SELECT "django_migrations"."app", "django_migrations"."name" FROM "django_migrations"; args=()
(0.003) 
            SELECT name, type FROM sqlite_master
            WHERE type in ('table', 'view') AND NOT name='sqlite_sequence'
            ORDER BY name; args=None
(0.002) SELECT "django_migrations"."app", "django_migrations"."name" FROM "django_migrations"; args=()
(0.002) 
            SELECT name, type FROM sqlite_master
            WHERE type in ('table', 'view') AND NOT name='sqlite_sequence'
            ORDER BY name; args=None
(0.002) SELECT "django_migrations"."app", "django_migrations"."name" FROM "django_migrations"; args=()
(0.001) 
            SELECT name, type FROM sqlite_master
            WHERE type in ('table', 'view') AND NOT name='sqlite_sequence'
            ORDER BY name; args=None
(0.002) SELECT "django_migrations"."app", "django_migrations"."name" FROM "django_migrations"; args=()
(0.000) PRAGMA foreign_keys; args=None
(0.000) PRAGMA foreign_keys = 0; args=None
(0.000) BEGIN; args=None
CREATE TABLE "django_content_type" ("id" integer NOT NULL PRIMARY KEY AUTOINCREMENT, "name" varchar(100) NOT NULL, "app_label" varchar(100) NOT NULL, "model" varchar(100) NOT NULL); (params None)
(0.007) CREATE TABLE "django_content_type" ("id" integer NOT NULL PRIMARY KEY AUTOINCREMENT, "name" varchar(100) NOT NULL, "app_label" varchar(100) NOT NULL, "model" varchar(100) NOT NULL); args=None
ALTER TABLE "django_content_type" RENAME TO "django_content_type__old"; (params [])
(0.000) ALTER TABLE "django_content_type" RENAME TO "django_content_type__old"; args=[]
CREATE TABLE "django_content_type" ("id" integer NOT NULL PRIMARY KEY AUTOINCREMENT, "name" varchar(100) NOT NULL, "app_label" varchar(100) NOT NULL, "model" varchar(100) NOT NULL); (params None)
(0.000) CREATE TABLE "django_content_type" ("id" integer NOT NULL PRIMARY KEY AUTOINCREMENT, "name" varchar(100) NOT NULL, "app_label" varchar(100) NOT NULL, "model" varchar(100) NOT NULL); args=None
INSERT INTO "django_content_type" ("app_label", "name", "model", "id") SELECT "app_label", "name", "model", "id" FROM "django_content_type__old"; (params [])
(0.001) INSERT INTO "django_content_type" ("app_label", "name", "model", "id") SELECT "app_label", "name", "model", "id" FROM "django_content_type__old"; args=[]
DROP TABLE "django_content_type__old"; (params [])
(0.002) DROP TABLE "django_content_type__old"; args=[]
CREATE UNIQUE INDEX "django_content_type_app_label_76bd3d3b_uniq" ON "django_content_type" ("app_label", "model"); (params [])
(0.000) CREATE UNIQUE INDEX "django_content_type_app_label_76bd3d3b_uniq" ON "django_content_type" ("app_label", "model"); args=[]
(0.000) PRAGMA foreign_keys = 0; args=None
(0.001) 
            SELECT name, type FROM sqlite_master
            WHERE type in ('table', 'view') AND NOT name='sqlite_sequence'
            ORDER BY name; args=None
(0.000) BEGIN; args=None
(0.008) INSERT INTO "django_migrations" ("app", "name", "applied") VALUES ('contenttypes', '0001_initial', '2016-08-09 15:07:57.745926'); args=['contenttypes', '0001_initial', '2016-08-09 15:07:57.745926']
(0.000) PRAGMA foreign_keys; args=None
(0.000) PRAGMA foreign_keys = 0; args=None
(0.000) BEGIN; args=None
CREATE TABLE "auth_permission" ("id" integer NOT NULL PRIMARY KEY AUTOINCREMENT, "name" varchar(50) NOT NULL, "content_type_id" integer NOT NULL REFERENCES "django_content_type" ("id"), "codename" varchar(100) NOT NULL); (params None)
(0.009) CREATE TABLE "auth_permission" ("id" integer NOT NULL PRIMARY KEY AUTOINCREMENT, "name" varchar(50) NOT NULL, "content_type_id" integer NOT NULL REFERENCES "django_content_type" ("id"), "codename" varchar(100) NOT NULL); args=None
CREATE TABLE "auth_group" ("id" integer NOT NULL PRIMARY KEY AUTOINCREMENT, "name" varchar(80) NOT NULL UNIQUE); (params None)
(0.000) CREATE TABLE "auth_group" ("id" integer NOT NULL PRIMARY KEY AUTOINCREMENT, "name" varchar(80) NOT NULL UNIQUE); args=None
CREATE TABLE "auth_group_permissions" ("id" integer NOT NULL PRIMARY KEY AUTOINCREMENT, "group_id" integer NOT NULL REFERENCES "auth_group" ("id"), "permission_id" integer NOT NULL REFERENCES "auth_permission" ("id")); (params None)
(0.000) CREATE TABLE "auth_group_permissions" ("id" integer NOT NULL PRIMARY KEY AUTOINCREMENT, "group_id" integer NOT NULL REFERENCES "auth_group" ("id"), "permission_id" integer NOT NULL REFERENCES "auth_permission" ("id")); args=None
CREATE TABLE "auth_user" ("id" integer NOT NULL PRIMARY KEY AUTOINCREMENT, "password" varchar(128) NOT NULL, "last_login" datetime NOT NULL, "is_superuser" bool NOT NULL, "username" varchar(30) NOT NULL UNIQUE, "first_name" varchar(30) NOT NULL, "last_name" varchar(30) NOT NULL, "email" varchar(75) NOT NULL, "is_staff" bool NOT NULL, "is_active" bool NOT NULL, "date_joined" datetime NOT NULL); (params None)
(0.000) CREATE TABLE "auth_user" ("id" integer NOT NULL PRIMARY KEY AUTOINCREMENT, "password" varchar(128) NOT NULL, "last_login" datetime NOT NULL, "is_superuser" bool NOT NULL, "username" varchar(30) NOT NULL UNIQUE, "first_name" varchar(30) NOT NULL, "last_name" varchar(30) NOT NULL, "email" varchar(75) NOT NULL, "is_staff" bool NOT NULL, "is_active" bool NOT NULL, "date_joined" datetime NOT NULL); args=None
CREATE TABLE "auth_user_groups" ("id" integer NOT NULL PRIMARY KEY AUTOINCREMENT, "user_id" integer NOT NULL REFERENCES "auth_user" ("id"), "group_id" integer NOT NULL REFERENCES "auth_group" ("id")); (params None)
(0.000) CREATE TABLE "auth_user_groups" ("id" integer NOT NULL PRIMARY KEY AUTOINCREMENT, "user_id" integer NOT NULL REFERENCES "auth_user" ("id"), "group_id" integer NOT NULL REFERENCES "auth_group" ("id")); args=None
CREATE TABLE "auth_user_user_permissions" ("id" integer NOT NULL PRIMARY KEY AUTOINCREMENT, "user_id" integer NOT NULL REFERENCES "auth_user" ("id"), "permission_id" integer NOT NULL REFERENCES "auth_permission" ("id")); (params None)
(0.000) CREATE TABLE "auth_user_user_permissions" ("id" integer NOT NULL PRIMARY KEY AUTOINCREMENT, "user_id" integer NOT NULL REFERENCES "auth_user" ("id"), "permission_id" integer NOT NULL REFERENCES "auth_permission" ("id")); args=None
CREATE UNIQUE INDEX "auth_permission_content_type_id_01ab375a_uniq" ON "auth_permission" ("content_type_id", "codename"); (params [])
(0.004) CREATE UNIQUE INDEX "auth_permission_content_type_id_01ab375a_uniq" ON "auth_permission" ("content_type_id", "codename"); args=[]
CREATE INDEX "auth_permission_417f1b1c" ON "auth_permission" ("content_type_id"); (params [])
(0.000) CREATE INDEX "auth_permission_417f1b1c" ON "auth_permission" ("content_type_id"); args=[]
CREATE UNIQUE INDEX "auth_group_permissions_group_id_0cd325b0_uniq" ON "auth_group_permissions" ("group_id", "permission_id"); (params [])
(0.000) CREATE UNIQUE INDEX "auth_group_permissions_group_id_0cd325b0_uniq" ON "auth_group_permissions" ("group_id", "permission_id"); args=[]
CREATE INDEX "auth_group_permissions_0e939a4f" ON "auth_group_permissions" ("group_id"); (params [])
(0.000) CREATE INDEX "auth_group_permissions_0e939a4f" ON "auth_group_permissions" ("group_id"); args=[]
CREATE INDEX "auth_group_permissions_8373b171" ON "auth_group_permissions" ("permission_id"); (params [])
(0.000) CREATE INDEX "auth_group_permissions_8373b171" ON "auth_group_permissions" ("permission_id"); args=[]
CREATE UNIQUE INDEX "auth_user_groups_user_id_94350c0c_uniq" ON "auth_user_groups" ("user_id", "group_id"); (params [])
(0.000) CREATE UNIQUE INDEX "auth_user_groups_user_id_94350c0c_uniq" ON "auth_user_groups" ("user_id", "group_id"); args=[]
CREATE INDEX "auth_user_groups_e8701ad4" ON "auth_user_groups" ("user_id"); (params [])
(0.000) CREATE INDEX "auth_user_groups_e8701ad4" ON "auth_user_groups" ("user_id"); args=[]
CREATE INDEX "auth_user_groups_0e939a4f" ON "auth_user_groups" ("group_id"); (params [])
(0.000) CREATE INDEX "auth_user_groups_0e939a4f" ON "auth_user_groups" ("group_id"); args=[]
CREATE UNIQUE INDEX "auth_user_user_permissions_user_id_14a6b632_uniq" ON "auth_user_user_permissions" ("user_id", "permission_id"); (params [])
(0.000) CREATE UNIQUE INDEX "auth_user_user_permissions_user_id_14a6b632_uniq" ON "auth_user_user_permissions" ("user_id", "permission_id"); args=[]
CREATE INDEX "auth_user_user_permissions_e8701ad4" ON "auth_user_user_permissions" ("user_id"); (params [])
(0.000) CREATE INDEX "auth_user_user_permissions_e8701ad4" ON "auth_user_user_permissions" ("user_id"); args=[]
CREATE INDEX "auth_user_user_permissions_8373b171" ON "auth_user_user_permissions" ("permission_id"); (params [])
(0.000) CREATE INDEX "auth_user_user_permissions_8373b171" ON "auth_user_user_permissions" ("permission_id"); args=[]
(0.000) PRAGMA foreign_keys = 0; args=None
(0.001) 
            SELECT name, type FROM sqlite_master
            WHERE type in ('table', 'view') AND NOT name='sqlite_sequence'
            ORDER BY name; args=None
(0.000) BEGIN; args=None
(0.010) INSERT INTO "django_migrations" ("app", "name", "applied") VALUES ('auth', '0001_initial', '2016-08-09 15:07:57.842816'); args=['auth', '0001_initial', '2016-08-09 15:07:57.842816']
(0.000) PRAGMA foreign_keys; args=None
(0.000) PRAGMA foreign_keys = 0; args=None
(0.000) BEGIN; args=None
CREATE TABLE "django_admin_log" ("id" integer NOT NULL PRIMARY KEY AUTOINCREMENT, "action_time" datetime NOT NULL, "object_id" text NULL, "object_repr" varchar(200) NOT NULL, "action_flag" smallint unsigned NOT NULL, "change_message" text NOT NULL, "content_type_id" integer NULL REFERENCES "django_content_type" ("id"), "user_id" integer NOT NULL REFERENCES "auth_user" ("id")); (params None)
(0.019) CREATE TABLE "django_admin_log" ("id" integer NOT NULL PRIMARY KEY AUTOINCREMENT, "action_time" datetime NOT NULL, "object_id" text NULL, "object_repr" varchar(200) NOT NULL, "action_flag" smallint unsigned NOT NULL, "change_message" text NOT NULL, "content_type_id" integer NULL REFERENCES "django_content_type" ("id"), "user_id" integer NOT NULL REFERENCES "auth_user" ("id")); args=None
CREATE INDEX "django_admin_log_417f1b1c" ON "django_admin_log" ("content_type_id"); (params [])
(0.000) CREATE INDEX "django_admin_log_417f1b1c" ON "django_admin_log" ("content_type_id"); args=[]
CREATE INDEX "django_admin_log_e8701ad4" ON "django_admin_log" ("user_id"); (params [])
(0.001) CREATE INDEX "django_admin_log_e8701ad4" ON "django_admin_log" ("user_id"); args=[]
(0.000) PRAGMA foreign_keys = 0; args=None
(0.002) 
            SELECT name, type FROM sqlite_master
            WHERE type in ('table', 'view') AND NOT name='sqlite_sequence'
            ORDER BY name; args=None
(0.000) BEGIN; args=None
(0.011) INSERT INTO "django_migrations" ("app", "name", "applied") VALUES ('admin', '0001_initial', '2016-08-09 15:07:57.923409'); args=['admin', '0001_initial', '2016-08-09 15:07:57.923409']
(0.000) PRAGMA foreign_keys; args=None
(0.001) PRAGMA foreign_keys = 0; args=None
(0.000) BEGIN; args=None
ALTER TABLE "django_admin_log" RENAME TO "django_admin_log__old"; (params [])
(0.007) ALTER TABLE "django_admin_log" RENAME TO "django_admin_log__old"; args=[]
CREATE TABLE "django_admin_log" ("id" integer NOT NULL PRIMARY KEY AUTOINCREMENT, "object_id" text NULL, "object_repr" varchar(200) NOT NULL, "action_flag" smallint unsigned NOT NULL, "change_message" text NOT NULL, "content_type_id" integer NULL REFERENCES "django_content_type" ("id"), "user_id" integer NOT NULL REFERENCES "auth_user" ("id"), "action_time" datetime NOT NULL); (params None)
(0.002) CREATE TABLE "django_admin_log" ("id" integer NOT NULL PRIMARY KEY AUTOINCREMENT, "object_id" text NULL, "object_repr" varchar(200) NOT NULL, "action_flag" smallint unsigned NOT NULL, "change_message" text NOT NULL, "content_type_id" integer NULL REFERENCES "django_content_type" ("id"), "user_id" integer NOT NULL REFERENCES "auth_user" ("id"), "action_time" datetime NOT NULL); args=None
INSERT INTO "django_admin_log" ("change_message", "action_flag", "object_repr", "object_id", "content_type_id", "action_time", "user_id", "id") SELECT "change_message", "action_flag", "object_repr", "object_id", "content_type_id", "action_time", "user_id", "id" FROM "django_admin_log__old"; (params [])
(0.001) INSERT INTO "django_admin_log" ("change_message", "action_flag", "object_repr", "object_id", "content_type_id", "action_time", "user_id", "id") SELECT "change_message", "action_flag", "object_repr", "object_id", "content_type_id", "action_time", "user_id", "id" FROM "django_admin_log__old"; args=[]
DROP TABLE "django_admin_log__old"; (params [])
(0.005) DROP TABLE "django_admin_log__old"; args=[]
CREATE INDEX "django_admin_log_417f1b1c" ON "django_admin_log" ("content_type_id"); (params [])
(0.000) CREATE INDEX "django_admin_log_417f1b1c" ON "django_admin_log" ("content_type_id"); args=[]
CREATE INDEX "django_admin_log_e8701ad4" ON "django_admin_log" ("user_id"); (params [])
(0.000) CREATE INDEX "django_admin_log_e8701ad4" ON "django_admin_log" ("user_id"); args=[]
(0.000) PRAGMA foreign_keys = 0; args=None
(0.002) 
            SELECT name, type FROM sqlite_master
            WHERE type in ('table', 'view') AND NOT name='sqlite_sequence'
            ORDER BY name; args=None
(0.000) BEGIN; args=None
(0.012) INSERT INTO "django_migrations" ("app", "name", "applied") VALUES ('admin', '0002_logentry_remove_auto_add', '2016-08-09 15:07:58.005568'); args=['admin', '0002_logentry_remove_auto_add', '2016-08-09 15:07:58.005568']
(0.000) PRAGMA foreign_keys; args=None
(0.000) PRAGMA foreign_keys = 0; args=None
(0.000) BEGIN; args=None
ALTER TABLE "django_content_type" RENAME TO "django_content_type__old"; (params [])
(0.050) ALTER TABLE "django_content_type" RENAME TO "django_content_type__old"; args=[]
CREATE TABLE "django_content_type" ("id" integer NOT NULL PRIMARY KEY AUTOINCREMENT, "app_label" varchar(100) NOT NULL, "model" varchar(100) NOT NULL, "name" varchar(100) NULL); (params None)
(0.001) CREATE TABLE "django_content_type" ("id" integer NOT NULL PRIMARY KEY AUTOINCREMENT, "app_label" varchar(100) NOT NULL, "model" varchar(100) NOT NULL, "name" varchar(100) NULL); args=None
INSERT INTO "django_content_type" ("app_label", "name", "model", "id") SELECT "app_label", "name", "model", "id" FROM "django_content_type__old"; (params [])
(0.000) INSERT INTO "django_content_type" ("app_label", "name", "model", "id") SELECT "app_label", "name", "model", "id" FROM "django_content_type__old"; args=[]
DROP TABLE "django_content_type__old"; (params [])
(0.005) DROP TABLE "django_content_type__old"; args=[]
CREATE UNIQUE INDEX "django_content_type_app_label_76bd3d3b_uniq" ON "django_content_type" ("app_label", "model"); (params [])
(0.002) CREATE UNIQUE INDEX "django_content_type_app_label_76bd3d3b_uniq" ON "django_content_type" ("app_label", "model"); args=[]
ALTER TABLE "django_content_type" RENAME TO "django_content_type__old"; (params [])
(0.000) ALTER TABLE "django_content_type" RENAME TO "django_content_type__old"; args=[]
CREATE TABLE "django_content_type" ("id" integer NOT NULL PRIMARY KEY AUTOINCREMENT, "app_label" varchar(100) NOT NULL, "model" varchar(100) NOT NULL); (params None)
(0.000) CREATE TABLE "django_content_type" ("id" integer NOT NULL PRIMARY KEY AUTOINCREMENT, "app_label" varchar(100) NOT NULL, "model" varchar(100) NOT NULL); args=None
INSERT INTO "django_content_type" ("app_label", "model", "id") SELECT "app_label", "model", "id" FROM "django_content_type__old"; (params [])
(0.000) INSERT INTO "django_content_type" ("app_label", "model", "id") SELECT "app_label", "model", "id" FROM "django_content_type__old"; args=[]
DROP TABLE "django_content_type__old"; (params [])
(0.000) DROP TABLE "django_content_type__old"; args=[]
CREATE UNIQUE INDEX "django_content_type_app_label_76bd3d3b_uniq" ON "django_content_type" ("app_label", "model"); (params [])
(0.000) CREATE UNIQUE INDEX "django_content_type_app_label_76bd3d3b_uniq" ON "django_content_type" ("app_label", "model"); args=[]
(0.000) PRAGMA foreign_keys = 0; args=None
(0.001) 
            SELECT name, type FROM sqlite_master
            WHERE type in ('table', 'view') AND NOT name='sqlite_sequence'
            ORDER BY name; args=None
(0.000) BEGIN; args=None
(0.006) INSERT INTO "django_migrations" ("app", "name", "applied") VALUES ('contenttypes', '0002_remove_content_type_name', '2016-08-09 15:07:58.156808'); args=['contenttypes', '0002_remove_content_type_name', '2016-08-09 15:07:58.156808']
(0.000) PRAGMA foreign_keys; args=None
(0.000) PRAGMA foreign_keys = 0; args=None
(0.000) BEGIN; args=None
ALTER TABLE "auth_permission" RENAME TO "auth_permission__old"; (params [])
(0.008) ALTER TABLE "auth_permission" RENAME TO "auth_permission__old"; args=[]
CREATE TABLE "auth_permission" ("id" integer NOT NULL PRIMARY KEY AUTOINCREMENT, "content_type_id" integer NOT NULL REFERENCES "django_content_type" ("id"), "codename" varchar(100) NOT NULL, "name" varchar(255) NOT NULL); (params None)
(0.002) CREATE TABLE "auth_permission" ("id" integer NOT NULL PRIMARY KEY AUTOINCREMENT, "content_type_id" integer NOT NULL REFERENCES "django_content_type" ("id"), "codename" varchar(100) NOT NULL, "name" varchar(255) NOT NULL); args=None
INSERT INTO "auth_permission" ("codename", "content_type_id", "name", "id") SELECT "codename", "content_type_id", "name", "id" FROM "auth_permission__old"; (params [])
(0.001) INSERT INTO "auth_permission" ("codename", "content_type_id", "name", "id") SELECT "codename", "content_type_id", "name", "id" FROM "auth_permission__old"; args=[]
DROP TABLE "auth_permission__old"; (params [])
(0.016) DROP TABLE "auth_permission__old"; args=[]
CREATE UNIQUE INDEX "auth_permission_content_type_id_01ab375a_uniq" ON "auth_permission" ("content_type_id", "codename"); (params [])
(0.002) CREATE UNIQUE INDEX "auth_permission_content_type_id_01ab375a_uniq" ON "auth_permission" ("content_type_id", "codename"); args=[]
CREATE INDEX "auth_permission_417f1b1c" ON "auth_permission" ("content_type_id"); (params [])
(0.000) CREATE INDEX "auth_permission_417f1b1c" ON "auth_permission" ("content_type_id"); args=[]
(0.000) PRAGMA foreign_keys = 0; args=None
(0.002) 
            SELECT name, type FROM sqlite_master
            WHERE type in ('table', 'view') AND NOT name='sqlite_sequence'
            ORDER BY name; args=None
(0.000) BEGIN; args=None
(0.010) INSERT INTO "django_migrations" ("app", "name", "applied") VALUES ('auth', '0002_alter_permission_name_max_length', '2016-08-09 15:07:58.232402'); args=['auth', '0002_alter_permission_name_max_length', '2016-08-09 15:07:58.232402']
(0.000) PRAGMA foreign_keys; args=None
(0.000) PRAGMA foreign_keys = 0; args=None
(0.000) BEGIN; args=None
ALTER TABLE "auth_user" RENAME TO "auth_user__old"; (params [])
(0.009) ALTER TABLE "auth_user" RENAME TO "auth_user__old"; args=[]
CREATE TABLE "auth_user" ("id" integer NOT NULL PRIMARY KEY AUTOINCREMENT, "password" varchar(128) NOT NULL, "last_login" datetime NOT NULL, "is_superuser" bool NOT NULL, "username" varchar(30) NOT NULL UNIQUE, "first_name" varchar(30) NOT NULL, "last_name" varchar(30) NOT NULL, "is_staff" bool NOT NULL, "is_active" bool NOT NULL, "date_joined" datetime NOT NULL, "email" varchar(254) NOT NULL); (params None)
(0.004) CREATE TABLE "auth_user" ("id" integer NOT NULL PRIMARY KEY AUTOINCREMENT, "password" varchar(128) NOT NULL, "last_login" datetime NOT NULL, "is_superuser" bool NOT NULL, "username" varchar(30) NOT NULL UNIQUE, "first_name" varchar(30) NOT NULL, "last_name" varchar(30) NOT NULL, "is_staff" bool NOT NULL, "is_active" bool NOT NULL, "date_joined" datetime NOT NULL, "email" varchar(254) NOT NULL); args=None
INSERT INTO "auth_user" ("last_name", "is_active", "password", "is_superuser", "id", "date_joined", "email", "is_staff", "first_name", "username", "last_login") SELECT "last_name", "is_active", "password", "is_superuser", "id", "date_joined", "email", "is_staff", "first_name", "username", "last_login" FROM "auth_user__old"; (params [])
(0.001) INSERT INTO "auth_user" ("last_name", "is_active", "password", "is_superuser", "id", "date_joined", "email", "is_staff", "first_name", "username", "last_login") SELECT "last_name", "is_active", "password", "is_superuser", "id", "date_joined", "email", "is_staff", "first_name", "username", "last_login" FROM "auth_user__old"; args=[]
DROP TABLE "auth_user__old"; (params [])
(0.002) DROP TABLE "auth_user__old"; args=[]
(0.000) PRAGMA foreign_keys = 0; args=None
(0.002) 
            SELECT name, type FROM sqlite_master
            WHERE type in ('table', 'view') AND NOT name='sqlite_sequence'
            ORDER BY name; args=None
(0.000) BEGIN; args=None
(0.012) INSERT INTO "django_migrations" ("app", "name", "applied") VALUES ('auth', '0003_alter_user_email_max_length', '2016-08-09 15:07:58.305163'); args=['auth', '0003_alter_user_email_max_length', '2016-08-09 15:07:58.305163']
(0.000) PRAGMA foreign_keys; args=None
(0.001) PRAGMA foreign_keys = 0; args=None
(0.000) BEGIN; args=None
ALTER TABLE "auth_user" RENAME TO "auth_user__old"; (params [])
(0.008) ALTER TABLE "auth_user" RENAME TO "auth_user__old"; args=[]
CREATE TABLE "auth_user" ("id" integer NOT NULL PRIMARY KEY AUTOINCREMENT, "password" varchar(128) NOT NULL, "last_login" datetime NOT NULL, "is_superuser" bool NOT NULL, "first_name" varchar(30) NOT NULL, "last_name" varchar(30) NOT NULL, "email" varchar(254) NOT NULL, "is_staff" bool NOT NULL, "is_active" bool NOT NULL, "date_joined" datetime NOT NULL, "username" varchar(30) NOT NULL UNIQUE); (params None)
(0.003) CREATE TABLE "auth_user" ("id" integer NOT NULL PRIMARY KEY AUTOINCREMENT, "password" varchar(128) NOT NULL, "last_login" datetime NOT NULL, "is_superuser" bool NOT NULL, "first_name" varchar(30) NOT NULL, "last_name" varchar(30) NOT NULL, "email" varchar(254) NOT NULL, "is_staff" bool NOT NULL, "is_active" bool NOT NULL, "date_joined" datetime NOT NULL, "username" varchar(30) NOT NULL UNIQUE); args=None
INSERT INTO "auth_user" ("last_name", "is_active", "password", "is_superuser", "id", "date_joined", "email", "is_staff", "first_name", "username", "last_login") SELECT "last_name", "is_active", "password", "is_superuser", "id", "date_joined", "email", "is_staff", "first_name", "username", "last_login" FROM "auth_user__old"; (params [])
(0.000) INSERT INTO "auth_user" ("last_name", "is_active", "password", "is_superuser", "id", "date_joined", "email", "is_staff", "first_name", "username", "last_login") SELECT "last_name", "is_active", "password", "is_superuser", "id", "date_joined", "email", "is_staff", "first_name", "username", "last_login" FROM "auth_user__old"; args=[]
DROP TABLE "auth_user__old"; (params [])
(0.010) DROP TABLE "auth_user__old"; args=[]
(0.000) PRAGMA foreign_keys = 0; args=None
(0.002) 
            SELECT name, type FROM sqlite_master
            WHERE type in ('table', 'view') AND NOT name='sqlite_sequence'
            ORDER BY name; args=None
(0.000) BEGIN; args=None
(0.010) INSERT INTO "django_migrations" ("app", "name", "applied") VALUES ('auth', '0004_alter_user_username_opts', '2016-08-09 15:07:58.381725'); args=['auth', '0004_alter_user_username_opts', '2016-08-09 15:07:58.381725']
(0.000) PRAGMA foreign_keys; args=None
(0.000) PRAGMA foreign_keys = 0; args=None
(0.000) BEGIN; args=None
ALTER TABLE "auth_user" RENAME TO "auth_user__old"; (params [])
(0.011) ALTER TABLE "auth_user" RENAME TO "auth_user__old"; args=[]
CREATE TABLE "auth_user" ("id" integer NOT NULL PRIMARY KEY AUTOINCREMENT, "password" varchar(128) NOT NULL, "is_superuser" bool NOT NULL, "username" varchar(30) NOT NULL UNIQUE, "first_name" varchar(30) NOT NULL, "last_name" varchar(30) NOT NULL, "email" varchar(254) NOT NULL, "is_staff" bool NOT NULL, "is_active" bool NOT NULL, "date_joined" datetime NOT NULL, "last_login" datetime NULL); (params None)
(0.001) CREATE TABLE "auth_user" ("id" integer NOT NULL PRIMARY KEY AUTOINCREMENT, "password" varchar(128) NOT NULL, "is_superuser" bool NOT NULL, "username" varchar(30) NOT NULL UNIQUE, "first_name" varchar(30) NOT NULL, "last_name" varchar(30) NOT NULL, "email" varchar(254) NOT NULL, "is_staff" bool NOT NULL, "is_active" bool NOT NULL, "date_joined" datetime NOT NULL, "last_login" datetime NULL); args=None
INSERT INTO "auth_user" ("last_name", "is_active", "password", "is_superuser", "id", "date_joined", "email", "is_staff", "first_name", "username", "last_login") SELECT "last_name", "is_active", "password", "is_superuser", "id", "date_joined", "email", "is_staff", "first_name", "username", "last_login" FROM "auth_user__old"; (params [])
(0.001) INSERT INTO "auth_user" ("last_name", "is_active", "password", "is_superuser", "id", "date_joined", "email", "is_staff", "first_name", "username", "last_login") SELECT "last_name", "is_active", "password", "is_superuser", "id", "date_joined", "email", "is_staff", "first_name", "username", "last_login" FROM "auth_user__old"; args=[]
DROP TABLE "auth_user__old"; (params [])
(0.004) DROP TABLE "auth_user__old"; args=[]
(0.000) PRAGMA foreign_keys = 0; args=None
(0.003) 
            SELECT name, type FROM sqlite_master
            WHERE type in ('table', 'view') AND NOT name='sqlite_sequence'
            ORDER BY name; args=None
(0.000) BEGIN; args=None
(0.010) INSERT INTO "django_migrations" ("app", "name", "applied") VALUES ('auth', '0005_alter_user_last_login_null', '2016-08-09 15:07:58.467831'); args=['auth', '0005_alter_user_last_login_null', '2016-08-09 15:07:58.467831']
(0.000) PRAGMA foreign_keys; args=None
(0.000) PRAGMA foreign_keys = 0; args=None
(0.000) BEGIN; args=None
(0.000) PRAGMA foreign_keys = 0; args=None
(0.003) 
            SELECT name, type FROM sqlite_master
            WHERE type in ('table', 'view') AND NOT name='sqlite_sequence'
            ORDER BY name; args=None
(0.000) BEGIN; args=None
(0.012) INSERT INTO "django_migrations" ("app", "name", "applied") VALUES ('auth', '0006_require_contenttypes_0002', '2016-08-09 15:07:58.500556'); args=['auth', '0006_require_contenttypes_0002', '2016-08-09 15:07:58.500556']
(0.000) PRAGMA foreign_keys; args=None
(0.000) PRAGMA foreign_keys = 0; args=None
(0.000) BEGIN; args=None
ALTER TABLE "auth_user" RENAME TO "auth_user__old"; (params [])
(0.011) ALTER TABLE "auth_user" RENAME TO "auth_user__old"; args=[]
CREATE TABLE "auth_user" ("id" integer NOT NULL PRIMARY KEY AUTOINCREMENT, "password" varchar(128) NOT NULL, "last_login" datetime NULL, "is_superuser" bool NOT NULL, "first_name" varchar(30) NOT NULL, "last_name" varchar(30) NOT NULL, "email" varchar(254) NOT NULL, "is_staff" bool NOT NULL, "is_active" bool NOT NULL, "date_joined" datetime NOT NULL, "username" varchar(30) NOT NULL UNIQUE); (params None)
(0.001) CREATE TABLE "auth_user" ("id" integer NOT NULL PRIMARY KEY AUTOINCREMENT, "password" varchar(128) NOT NULL, "last_login" datetime NULL, "is_superuser" bool NOT NULL, "first_name" varchar(30) NOT NULL, "last_name" varchar(30) NOT NULL, "email" varchar(254) NOT NULL, "is_staff" bool NOT NULL, "is_active" bool NOT NULL, "date_joined" datetime NOT NULL, "username" varchar(30) NOT NULL UNIQUE); args=None
INSERT INTO "auth_user" ("last_name", "is_active", "password", "is_superuser", "id", "date_joined", "email", "is_staff", "first_name", "username", "last_login") SELECT "last_name", "is_active", "password", "is_superuser", "id", "date_joined", "email", "is_staff", "first_name", "username", "last_login" FROM "auth_user__old"; (params [])
(0.000) INSERT INTO "auth_user" ("last_name", "is_active", "password", "is_superuser", "id", "date_joined", "email", "is_staff", "first_name", "username", "last_login") SELECT "last_name", "is_active", "password", "is_superuser", "id", "date_joined", "email", "is_staff", "first_name", "username", "last_login" FROM "auth_user__old"; args=[]
DROP TABLE "auth_user__old"; (params [])
(0.002) DROP TABLE "auth_user__old"; args=[]
(0.000) PRAGMA foreign_keys = 0; args=None
(0.001) 
            SELECT name, type FROM sqlite_master
            WHERE type in ('table', 'view') AND NOT name='sqlite_sequence'
            ORDER BY name; args=None
(0.000) BEGIN; args=None
(0.006) INSERT INTO "django_migrations" ("app", "name", "applied") VALUES ('auth', '0007_alter_validators_add_error_messages', '2016-08-09 15:07:58.600216'); args=['auth', '0007_alter_validators_add_error_messages', '2016-08-09 15:07:58.600216']
(0.000) PRAGMA foreign_keys; args=None
(0.000) PRAGMA foreign_keys = 0; args=None
(0.000) BEGIN; args=None
ALTER TABLE "auth_user" RENAME TO "auth_user__old"; (params [])
(0.008) ALTER TABLE "auth_user" RENAME TO "auth_user__old"; args=[]
CREATE TABLE "auth_user" ("id" integer NOT NULL PRIMARY KEY AUTOINCREMENT, "password" varchar(128) NOT NULL, "last_login" datetime NULL, "is_superuser" bool NOT NULL, "first_name" varchar(30) NOT NULL, "last_name" varchar(30) NOT NULL, "email" varchar(254) NOT NULL, "is_staff" bool NOT NULL, "is_active" bool NOT NULL, "date_joined" datetime NOT NULL, "username" varchar(150) NOT NULL UNIQUE); (params None)
(0.001) CREATE TABLE "auth_user" ("id" integer NOT NULL PRIMARY KEY AUTOINCREMENT, "password" varchar(128) NOT NULL, "last_login" datetime NULL, "is_superuser" bool NOT NULL, "first_name" varchar(30) NOT NULL, "last_name" varchar(30) NOT NULL, "email" varchar(254) NOT NULL, "is_staff" bool NOT NULL, "is_active" bool NOT NULL, "date_joined" datetime NOT NULL, "username" varchar(150) NOT NULL UNIQUE); args=None
INSERT INTO "auth_user" ("last_name", "is_active", "password", "is_superuser", "id", "date_joined", "email", "is_staff", "first_name", "username", "last_login") SELECT "last_name", "is_active", "password", "is_superuser", "id", "date_joined", "email", "is_staff", "first_name", "username", "last_login" FROM "auth_user__old"; (params [])
(0.000) INSERT INTO "auth_user" ("last_name", "is_active", "password", "is_superuser", "id", "date_joined", "email", "is_staff", "first_name", "username", "last_login") SELECT "last_name", "is_active", "password", "is_superuser", "id", "date_joined", "email", "is_staff", "first_name", "username", "last_login" FROM "auth_user__old"; args=[]
DROP TABLE "auth_user__old"; (params [])
(0.002) DROP TABLE "auth_user__old"; args=[]
(0.000) PRAGMA foreign_keys = 0; args=None
(0.004) 
            SELECT name, type FROM sqlite_master
            WHERE type in ('table', 'view') AND NOT name='sqlite_sequence'
            ORDER BY name; args=None
(0.000) BEGIN; args=None
(0.009) INSERT INTO "django_migrations" ("app", "name", "applied") VALUES ('auth', '0008_alter_user_username_max_length', '2016-08-09 15:07:58.651237'); args=['auth', '0008_alter_user_username_max_length', '2016-08-09 15:07:58.651237']
(0.000) PRAGMA foreign_keys; args=None
(0.000) PRAGMA foreign_keys = 0; args=None
(0.000) BEGIN; args=None
CREATE TABLE "django_session" ("session_key" varchar(40) NOT NULL PRIMARY KEY, "session_data" text NOT NULL, "expire_date" datetime NOT NULL); (params None)
(0.008) CREATE TABLE "django_session" ("session_key" varchar(40) NOT NULL PRIMARY KEY, "session_data" text NOT NULL, "expire_date" datetime NOT NULL); args=None
CREATE INDEX "django_session_de54fa62" ON "django_session" ("expire_date"); (params [])
(0.000) CREATE INDEX "django_session_de54fa62" ON "django_session" ("expire_date"); args=[]
(0.000) PRAGMA foreign_keys = 0; args=None
(0.003) 
            SELECT name, type FROM sqlite_master
            WHERE type in ('table', 'view') AND NOT name='sqlite_sequence'
            ORDER BY name; args=None
(0.000) BEGIN; args=None
(0.008) INSERT INTO "django_migrations" ("app", "name", "applied") VALUES ('sessions', '0001_initial', '2016-08-09 15:07:58.697246'); args=['sessions', '0001_initial', '2016-08-09 15:07:58.697246']
(0.004) 
            SELECT name, type FROM sqlite_master
            WHERE type in ('table', 'view') AND NOT name='sqlite_sequence'
            ORDER BY name; args=None
(0.004) SELECT "django_migrations"."app", "django_migrations"."name" FROM "django_migrations"; args=()
(0.002) SELECT "django_content_type"."id", "django_content_type"."app_label", "django_content_type"."model" FROM "django_content_type" WHERE ("django_content_type"."app_label" = 'admin' AND "django_content_type"."model" = 'logentry'); args=('admin', 'logentry')
(0.007) SELECT "django_content_type"."id", "django_content_type"."app_label", "django_content_type"."model" FROM "django_content_type" WHERE ("django_content_type"."app_label" = 'admin' AND "django_content_type"."model" = 'logentry'); args=('admin', 'logentry')
(0.000) BEGIN; args=None
(0.018) INSERT INTO "django_content_type" ("app_label", "model") VALUES ('admin', 'logentry'); args=['admin', 'logentry']
(0.003) SELECT "auth_permission"."content_type_id", "auth_permission"."codename" FROM "auth_permission" INNER JOIN "django_content_type" ON ("auth_permission"."content_type_id" = "django_content_type"."id") WHERE "auth_permission"."content_type_id" IN (1) ORDER BY "django_content_type"."app_label" ASC, "django_content_type"."model" ASC, "auth_permission"."codename" ASC; args=(1,)
(0.000) BEGIN; args=None
(0.011) INSERT INTO "auth_permission" ("name", "content_type_id", "codename") SELECT 'Can add log entry', 1, 'add_logentry' UNION ALL SELECT 'Can change log entry', 1, 'change_logentry' UNION ALL SELECT 'Can delete log entry', 1, 'delete_logentry'; args=('Can add log entry', 1, 'add_logentry', 'Can change log entry', 1, 'change_logentry', 'Can delete log entry', 1, 'delete_logentry')
(0.002) SELECT "django_content_type"."id", "django_content_type"."app_label", "django_content_type"."model" FROM "django_content_type" WHERE "django_content_type"."app_label" = 'admin'; args=('admin',)
(0.002) SELECT "django_content_type"."id", "django_content_type"."app_label", "django_content_type"."model" FROM "django_content_type" WHERE ("django_content_type"."app_label" = 'auth' AND "django_content_type"."model" = 'user'); args=('auth', 'user')
(0.002) SELECT "django_content_type"."id", "django_content_type"."app_label", "django_content_type"."model" FROM "django_content_type" WHERE ("django_content_type"."app_label" = 'auth' AND "django_content_type"."model" = 'user'); args=('auth', 'user')
(0.000) BEGIN; args=None
(0.013) INSERT INTO "django_content_type" ("app_label", "model") VALUES ('auth', 'user'); args=['auth', 'user']
(0.002) SELECT "django_content_type"."id", "django_content_type"."app_label", "django_content_type"."model" FROM "django_content_type" WHERE ("django_content_type"."app_label" = 'auth' AND "django_content_type"."model" = 'group'); args=('auth', 'group')
(0.002) SELECT "django_content_type"."id", "django_content_type"."app_label", "django_content_type"."model" FROM "django_content_type" WHERE ("django_content_type"."app_label" = 'auth' AND "django_content_type"."model" = 'group'); args=('auth', 'group')
(0.000) BEGIN; args=None
(0.008) INSERT INTO "django_content_type" ("app_label", "model") VALUES ('auth', 'group'); args=['auth', 'group']
(0.002) SELECT "django_content_type"."id", "django_content_type"."app_label", "django_content_type"."model" FROM "django_content_type" WHERE ("django_content_type"."app_label" = 'auth' AND "django_content_type"."model" = 'permission'); args=('auth', 'permission')
(0.002) SELECT "django_content_type"."id", "django_content_type"."app_label", "django_content_type"."model" FROM "django_content_type" WHERE ("django_content_type"."app_label" = 'auth' AND "django_content_type"."model" = 'permission'); args=('auth', 'permission')
(0.000) BEGIN; args=None
(0.009) INSERT INTO "django_content_type" ("app_label", "model") VALUES ('auth', 'permission'); args=['auth', 'permission']
(0.002) SELECT "auth_permission"."content_type_id", "auth_permission"."codename" FROM "auth_permission" INNER JOIN "django_content_type" ON ("auth_permission"."content_type_id" = "django_content_type"."id") WHERE "auth_permission"."content_type_id" IN (2, 3, 4) ORDER BY "django_content_type"."app_label" ASC, "django_content_type"."model" ASC, "auth_permission"."codename" ASC; args=(2, 3, 4)
(0.000) BEGIN; args=None
(0.009) INSERT INTO "auth_permission" ("name", "content_type_id", "codename") SELECT 'Can add user', 2, 'add_user' UNION ALL SELECT 'Can change user', 2, 'change_user' UNION ALL SELECT 'Can delete user', 2, 'delete_user' UNION ALL SELECT 'Can add group', 3, 'add_group' UNION ALL SELECT 'Can change group', 3, 'change_group' UNION ALL SELECT 'Can delete group', 3, 'delete_group' UNION ALL SELECT 'Can add permission', 4, 'add_permission' UNION ALL SELECT 'Can change permission', 4, 'change_permission' UNION ALL SELECT 'Can delete permission', 4, 'delete_permission'; args=('Can add user', 2, 'add_user', 'Can change user', 2, 'change_user', 'Can delete user', 2, 'delete_user', 'Can add group', 3, 'add_group', 'Can change group', 3, 'change_group', 'Can delete group', 3, 'delete_group', 'Can add permission', 4, 'add_permission', 'Can change permission', 4, 'change_permission', 'Can delete permission', 4, 'delete_permission')
(0.002) SELECT "django_content_type"."id", "django_content_type"."app_label", "django_content_type"."model" FROM "django_content_type" WHERE "django_content_type"."app_label" = 'auth'; args=('auth',)
(0.002) SELECT "django_content_type"."id", "django_content_type"."app_label", "django_content_type"."model" FROM "django_content_type" WHERE ("django_content_type"."app_label" = 'contenttypes' AND "django_content_type"."model" = 'contenttype'); args=('contenttypes', 'contenttype')
(0.002) SELECT "django_content_type"."id", "django_content_type"."app_label", "django_content_type"."model" FROM "django_content_type" WHERE ("django_content_type"."app_label" = 'contenttypes' AND "django_content_type"."model" = 'contenttype'); args=('contenttypes', 'contenttype')
(0.000) BEGIN; args=None
(0.007) INSERT INTO "django_content_type" ("app_label", "model") VALUES ('contenttypes', 'contenttype'); args=['contenttypes', 'contenttype']
(0.002) SELECT "auth_permission"."content_type_id", "auth_permission"."codename" FROM "auth_permission" INNER JOIN "django_content_type" ON ("auth_permission"."content_type_id" = "django_content_type"."id") WHERE "auth_permission"."content_type_id" IN (5) ORDER BY "django_content_type"."app_label" ASC, "django_content_type"."model" ASC, "auth_permission"."codename" ASC; args=(5,)
(0.000) BEGIN; args=None
(0.008) INSERT INTO "auth_permission" ("name", "content_type_id", "codename") SELECT 'Can add content type', 5, 'add_contenttype' UNION ALL SELECT 'Can change content type', 5, 'change_contenttype' UNION ALL SELECT 'Can delete content type', 5, 'delete_contenttype'; args=('Can add content type', 5, 'add_contenttype', 'Can change content type', 5, 'change_contenttype', 'Can delete content type', 5, 'delete_contenttype')
(0.002) SELECT "django_content_type"."id", "django_content_type"."app_label", "django_content_type"."model" FROM "django_content_type" WHERE "django_content_type"."app_label" = 'contenttypes'; args=('contenttypes',)
(0.002) SELECT "django_content_type"."id", "django_content_type"."app_label", "django_content_type"."model" FROM "django_content_type" WHERE ("django_content_type"."app_label" = 'sessions' AND "django_content_type"."model" = 'session'); args=('sessions', 'session')
(0.002) SELECT "django_content_type"."id", "django_content_type"."app_label", "django_content_type"."model" FROM "django_content_type" WHERE ("django_content_type"."app_label" = 'sessions' AND "django_content_type"."model" = 'session'); args=('sessions', 'session')
(0.000) BEGIN; args=None
(0.008) INSERT INTO "django_content_type" ("app_label", "model") VALUES ('sessions', 'session'); args=['sessions', 'session']
(0.002) SELECT "auth_permission"."content_type_id", "auth_permission"."codename" FROM "auth_permission" INNER JOIN "django_content_type" ON ("auth_permission"."content_type_id" = "django_content_type"."id") WHERE "auth_permission"."content_type_id" IN (6) ORDER BY "django_content_type"."app_label" ASC, "django_content_type"."model" ASC, "auth_permission"."codename" ASC; args=(6,)
(0.000) BEGIN; args=None
(0.014) INSERT INTO "auth_permission" ("name", "content_type_id", "codename") SELECT 'Can add session', 6, 'add_session' UNION ALL SELECT 'Can change session', 6, 'change_session' UNION ALL SELECT 'Can delete session', 6, 'delete_session'; args=('Can add session', 6, 'add_session', 'Can change session', 6, 'change_session', 'Can delete session', 6, 'delete_session')
(0.002) SELECT "django_content_type"."id", "django_content_type"."app_label", "django_content_type"."model" FROM "django_content_type" WHERE "django_content_type"."app_label" = 'sessions'; args=('sessions',)
(0.004) 
            SELECT name, type FROM sqlite_master
            WHERE type in ('table', 'view') AND NOT name='sqlite_sequence'
            ORDER BY name; args=None
(0.002) SELECT "django_migrations"."app", "django_migrations"."name" FROM "django_migrations"; args=()
(0.002) SELECT "auth_user"."id", "auth_user"."password", "auth_user"."last_login", "auth_user"."is_superuser", "auth_user"."username", "auth_user"."first_name", "auth_user"."last_name", "auth_user"."email", "auth_user"."is_staff", "auth_user"."is_active", "auth_user"."date_joined" FROM "auth_user" WHERE "auth_user"."username" = 'root'; args=('root',)
(0.003) SELECT "auth_user"."id", "auth_user"."password", "auth_user"."last_login", "auth_user"."is_superuser", "auth_user"."username", "auth_user"."first_name", "auth_user"."last_name", "auth_user"."email", "auth_user"."is_staff", "auth_user"."is_active", "auth_user"."date_joined" FROM "auth_user" WHERE "auth_user"."username" = 'admin'; args=('admin',)
(0.000) BEGIN; args=None
(0.016) INSERT INTO "auth_user" ("password", "last_login", "is_superuser", "username", "first_name", "last_name", "email", "is_staff", "is_active", "date_joined") VALUES ('pbkdf2_sha256$30000$7rzGIbAJWsO3$Liz8zQ7lrNUEVnd/WUfCqcMSd2x/KJiKHAUPG0N20EI=', NULL, 1, 'admin', '', '', 'admin@aa.cc', 1, 1, '2016-08-09 15:08:32.676055'); args=['pbkdf2_sha256$30000$7rzGIbAJWsO3$Liz8zQ7lrNUEVnd/WUfCqcMSd2x/KJiKHAUPG0N20EI=', None, True, 'admin', '', '', 'admin@aa.cc', True, True, '2016-08-09 15:08:32.676055']
(0.009) 
            SELECT name, type FROM sqlite_master
            WHERE type in ('table', 'view') AND NOT name='sqlite_sequence'
            ORDER BY name; args=None
(0.004) SELECT "django_migrations"."app", "django_migrations"."name" FROM "django_migrations"; args=()
(0.002) 
            SELECT c.relname, c.relkind
            FROM pg_catalog.pg_class c
            LEFT JOIN pg_catalog.pg_namespace n ON n.oid = c.relnamespace
            WHERE c.relkind IN ('r', 'v')
                AND n.nspname NOT IN ('pg_catalog', 'pg_toast')
                AND pg_catalog.pg_table_is_visible(c.oid); args=None
CREATE TABLE "django_migrations" ("id" serial NOT NULL PRIMARY KEY, "app" varchar(255) NOT NULL, "name" varchar(255) NOT NULL, "applied" timestamp with time zone NOT NULL); (params None)
(0.019) CREATE TABLE "django_migrations" ("id" serial NOT NULL PRIMARY KEY, "app" varchar(255) NOT NULL, "name" varchar(255) NOT NULL, "applied" timestamp with time zone NOT NULL); args=None
(0.001) SELECT "django_migrations"."app", "django_migrations"."name" FROM "django_migrations"; args=()
(0.001) 
            SELECT c.relname, c.relkind
            FROM pg_catalog.pg_class c
            LEFT JOIN pg_catalog.pg_namespace n ON n.oid = c.relnamespace
            WHERE c.relkind IN ('r', 'v')
                AND n.nspname NOT IN ('pg_catalog', 'pg_toast')
                AND pg_catalog.pg_table_is_visible(c.oid); args=None
(0.001) SELECT "django_migrations"."app", "django_migrations"."name" FROM "django_migrations"; args=()
(0.001) 
            SELECT c.relname, c.relkind
            FROM pg_catalog.pg_class c
            LEFT JOIN pg_catalog.pg_namespace n ON n.oid = c.relnamespace
            WHERE c.relkind IN ('r', 'v')
                AND n.nspname NOT IN ('pg_catalog', 'pg_toast')
                AND pg_catalog.pg_table_is_visible(c.oid); args=None
(0.000) SELECT "django_migrations"."app", "django_migrations"."name" FROM "django_migrations"; args=()
CREATE TABLE "django_content_type" ("id" serial NOT NULL PRIMARY KEY, "name" varchar(100) NOT NULL, "app_label" varchar(100) NOT NULL, "model" varchar(100) NOT NULL); (params None)
(0.006) CREATE TABLE "django_content_type" ("id" serial NOT NULL PRIMARY KEY, "name" varchar(100) NOT NULL, "app_label" varchar(100) NOT NULL, "model" varchar(100) NOT NULL); args=None
ALTER TABLE "django_content_type" ADD CONSTRAINT "django_content_type_app_label_76bd3d3b_uniq" UNIQUE ("app_label", "model"); (params [])
(0.004) ALTER TABLE "django_content_type" ADD CONSTRAINT "django_content_type_app_label_76bd3d3b_uniq" UNIQUE ("app_label", "model"); args=[]
(0.001) 
            SELECT c.relname, c.relkind
            FROM pg_catalog.pg_class c
            LEFT JOIN pg_catalog.pg_namespace n ON n.oid = c.relnamespace
            WHERE c.relkind IN ('r', 'v')
                AND n.nspname NOT IN ('pg_catalog', 'pg_toast')
                AND pg_catalog.pg_table_is_visible(c.oid); args=None
(0.001) INSERT INTO "django_migrations" ("app", "name", "applied") VALUES ('contenttypes', '0001_initial', '2016-08-09T15:28:58.960796+00:00'::timestamptz) RETURNING "django_migrations"."id"; args=('contenttypes', '0001_initial', datetime.datetime(2016, 8, 9, 15, 28, 58, 960796, tzinfo=<UTC>))
CREATE TABLE "auth_permission" ("id" serial NOT NULL PRIMARY KEY, "name" varchar(50) NOT NULL, "content_type_id" integer NOT NULL, "codename" varchar(100) NOT NULL); (params None)
(0.012) CREATE TABLE "auth_permission" ("id" serial NOT NULL PRIMARY KEY, "name" varchar(50) NOT NULL, "content_type_id" integer NOT NULL, "codename" varchar(100) NOT NULL); args=None
CREATE TABLE "auth_group" ("id" serial NOT NULL PRIMARY KEY, "name" varchar(80) NOT NULL UNIQUE); (params None)
(0.013) CREATE TABLE "auth_group" ("id" serial NOT NULL PRIMARY KEY, "name" varchar(80) NOT NULL UNIQUE); args=None
CREATE TABLE "auth_group_permissions" ("id" serial NOT NULL PRIMARY KEY, "group_id" integer NOT NULL, "permission_id" integer NOT NULL); (params None)
(0.006) CREATE TABLE "auth_group_permissions" ("id" serial NOT NULL PRIMARY KEY, "group_id" integer NOT NULL, "permission_id" integer NOT NULL); args=None
CREATE TABLE "auth_user" ("id" serial NOT NULL PRIMARY KEY, "password" varchar(128) NOT NULL, "last_login" timestamp with time zone NOT NULL, "is_superuser" boolean NOT NULL, "username" varchar(30) NOT NULL UNIQUE, "first_name" varchar(30) NOT NULL, "last_name" varchar(30) NOT NULL, "email" varchar(75) NOT NULL, "is_staff" boolean NOT NULL, "is_active" boolean NOT NULL, "date_joined" timestamp with time zone NOT NULL); (params None)
(0.009) CREATE TABLE "auth_user" ("id" serial NOT NULL PRIMARY KEY, "password" varchar(128) NOT NULL, "last_login" timestamp with time zone NOT NULL, "is_superuser" boolean NOT NULL, "username" varchar(30) NOT NULL UNIQUE, "first_name" varchar(30) NOT NULL, "last_name" varchar(30) NOT NULL, "email" varchar(75) NOT NULL, "is_staff" boolean NOT NULL, "is_active" boolean NOT NULL, "date_joined" timestamp with time zone NOT NULL); args=None
CREATE TABLE "auth_user_groups" ("id" serial NOT NULL PRIMARY KEY, "user_id" integer NOT NULL, "group_id" integer NOT NULL); (params None)
(0.005) CREATE TABLE "auth_user_groups" ("id" serial NOT NULL PRIMARY KEY, "user_id" integer NOT NULL, "group_id" integer NOT NULL); args=None
CREATE TABLE "auth_user_user_permissions" ("id" serial NOT NULL PRIMARY KEY, "user_id" integer NOT NULL, "permission_id" integer NOT NULL); (params None)
(0.005) CREATE TABLE "auth_user_user_permissions" ("id" serial NOT NULL PRIMARY KEY, "user_id" integer NOT NULL, "permission_id" integer NOT NULL); args=None
ALTER TABLE "auth_permission" ADD CONSTRAINT "auth_permiss_content_type_id_2f476e4b_fk_django_content_type_id" FOREIGN KEY ("content_type_id") REFERENCES "django_content_type" ("id") DEFERRABLE INITIALLY DEFERRED; (params [])
(0.002) ALTER TABLE "auth_permission" ADD CONSTRAINT "auth_permiss_content_type_id_2f476e4b_fk_django_content_type_id" FOREIGN KEY ("content_type_id") REFERENCES "django_content_type" ("id") DEFERRABLE INITIALLY DEFERRED; args=[]
ALTER TABLE "auth_permission" ADD CONSTRAINT "auth_permission_content_type_id_01ab375a_uniq" UNIQUE ("content_type_id", "codename"); (params [])
(0.004) ALTER TABLE "auth_permission" ADD CONSTRAINT "auth_permission_content_type_id_01ab375a_uniq" UNIQUE ("content_type_id", "codename"); args=[]
CREATE INDEX "auth_permission_417f1b1c" ON "auth_permission" ("content_type_id"); (params [])
(0.004) CREATE INDEX "auth_permission_417f1b1c" ON "auth_permission" ("content_type_id"); args=[]
CREATE INDEX "auth_group_name_a6ea08ec_like" ON "auth_group" ("name" varchar_pattern_ops); (params [])
(0.004) CREATE INDEX "auth_group_name_a6ea08ec_like" ON "auth_group" ("name" varchar_pattern_ops); args=[]
ALTER TABLE "auth_group_permissions" ADD CONSTRAINT "auth_group_permissions_group_id_b120cbf9_fk_auth_group_id" FOREIGN KEY ("group_id") REFERENCES "auth_group" ("id") DEFERRABLE INITIALLY DEFERRED; (params [])
(0.001) ALTER TABLE "auth_group_permissions" ADD CONSTRAINT "auth_group_permissions_group_id_b120cbf9_fk_auth_group_id" FOREIGN KEY ("group_id") REFERENCES "auth_group" ("id") DEFERRABLE INITIALLY DEFERRED; args=[]
ALTER TABLE "auth_group_permissions" ADD CONSTRAINT "auth_group_permiss_permission_id_84c5c92e_fk_auth_permission_id" FOREIGN KEY ("permission_id") REFERENCES "auth_permission" ("id") DEFERRABLE INITIALLY DEFERRED; (params [])
(0.001) ALTER TABLE "auth_group_permissions" ADD CONSTRAINT "auth_group_permiss_permission_id_84c5c92e_fk_auth_permission_id" FOREIGN KEY ("permission_id") REFERENCES "auth_permission" ("id") DEFERRABLE INITIALLY DEFERRED; args=[]
ALTER TABLE "auth_group_permissions" ADD CONSTRAINT "auth_group_permissions_group_id_0cd325b0_uniq" UNIQUE ("group_id", "permission_id"); (params [])
(0.005) ALTER TABLE "auth_group_permissions" ADD CONSTRAINT "auth_group_permissions_group_id_0cd325b0_uniq" UNIQUE ("group_id", "permission_id"); args=[]
CREATE INDEX "auth_group_permissions_0e939a4f" ON "auth_group_permissions" ("group_id"); (params [])
(0.004) CREATE INDEX "auth_group_permissions_0e939a4f" ON "auth_group_permissions" ("group_id"); args=[]
CREATE INDEX "auth_group_permissions_8373b171" ON "auth_group_permissions" ("permission_id"); (params [])
(0.004) CREATE INDEX "auth_group_permissions_8373b171" ON "auth_group_permissions" ("permission_id"); args=[]
CREATE INDEX "auth_user_username_6821ab7c_like" ON "auth_user" ("username" varchar_pattern_ops); (params [])
(0.004) CREATE INDEX "auth_user_username_6821ab7c_like" ON "auth_user" ("username" varchar_pattern_ops); args=[]
ALTER TABLE "auth_user_groups" ADD CONSTRAINT "auth_user_groups_user_id_6a12ed8b_fk_auth_user_id" FOREIGN KEY ("user_id") REFERENCES "auth_user" ("id") DEFERRABLE INITIALLY DEFERRED; (params [])
(0.001) ALTER TABLE "auth_user_groups" ADD CONSTRAINT "auth_user_groups_user_id_6a12ed8b_fk_auth_user_id" FOREIGN KEY ("user_id") REFERENCES "auth_user" ("id") DEFERRABLE INITIALLY DEFERRED; args=[]
ALTER TABLE "auth_user_groups" ADD CONSTRAINT "auth_user_groups_group_id_97559544_fk_auth_group_id" FOREIGN KEY ("group_id") REFERENCES "auth_group" ("id") DEFERRABLE INITIALLY DEFERRED; (params [])
(0.001) ALTER TABLE "auth_user_groups" ADD CONSTRAINT "auth_user_groups_group_id_97559544_fk_auth_group_id" FOREIGN KEY ("group_id") REFERENCES "auth_group" ("id") DEFERRABLE INITIALLY DEFERRED; args=[]
ALTER TABLE "auth_user_groups" ADD CONSTRAINT "auth_user_groups_user_id_94350c0c_uniq" UNIQUE ("user_id", "group_id"); (params [])
(0.004) ALTER TABLE "auth_user_groups" ADD CONSTRAINT "auth_user_groups_user_id_94350c0c_uniq" UNIQUE ("user_id", "group_id"); args=[]
CREATE INDEX "auth_user_groups_e8701ad4" ON "auth_user_groups" ("user_id"); (params [])
(0.003) CREATE INDEX "auth_user_groups_e8701ad4" ON "auth_user_groups" ("user_id"); args=[]
CREATE INDEX "auth_user_groups_0e939a4f" ON "auth_user_groups" ("group_id"); (params [])
(0.003) CREATE INDEX "auth_user_groups_0e939a4f" ON "auth_user_groups" ("group_id"); args=[]
ALTER TABLE "auth_user_user_permissions" ADD CONSTRAINT "auth_user_user_permissions_user_id_a95ead1b_fk_auth_user_id" FOREIGN KEY ("user_id") REFERENCES "auth_user" ("id") DEFERRABLE INITIALLY DEFERRED; (params [])
(0.001) ALTER TABLE "auth_user_user_permissions" ADD CONSTRAINT "auth_user_user_permissions_user_id_a95ead1b_fk_auth_user_id" FOREIGN KEY ("user_id") REFERENCES "auth_user" ("id") DEFERRABLE INITIALLY DEFERRED; args=[]
ALTER TABLE "auth_user_user_permissions" ADD CONSTRAINT "auth_user_user_per_permission_id_1fbb5f2c_fk_auth_permission_id" FOREIGN KEY ("permission_id") REFERENCES "auth_permission" ("id") DEFERRABLE INITIALLY DEFERRED; (params [])
(0.001) ALTER TABLE "auth_user_user_permissions" ADD CONSTRAINT "auth_user_user_per_permission_id_1fbb5f2c_fk_auth_permission_id" FOREIGN KEY ("permission_id") REFERENCES "auth_permission" ("id") DEFERRABLE INITIALLY DEFERRED; args=[]
ALTER TABLE "auth_user_user_permissions" ADD CONSTRAINT "auth_user_user_permissions_user_id_14a6b632_uniq" UNIQUE ("user_id", "permission_id"); (params [])
(0.004) ALTER TABLE "auth_user_user_permissions" ADD CONSTRAINT "auth_user_user_permissions_user_id_14a6b632_uniq" UNIQUE ("user_id", "permission_id"); args=[]
CREATE INDEX "auth_user_user_permissions_e8701ad4" ON "auth_user_user_permissions" ("user_id"); (params [])
(0.004) CREATE INDEX "auth_user_user_permissions_e8701ad4" ON "auth_user_user_permissions" ("user_id"); args=[]
CREATE INDEX "auth_user_user_permissions_8373b171" ON "auth_user_user_permissions" ("permission_id"); (params [])
(0.004) CREATE INDEX "auth_user_user_permissions_8373b171" ON "auth_user_user_permissions" ("permission_id"); args=[]
(0.001) 
            SELECT c.relname, c.relkind
            FROM pg_catalog.pg_class c
            LEFT JOIN pg_catalog.pg_namespace n ON n.oid = c.relnamespace
            WHERE c.relkind IN ('r', 'v')
                AND n.nspname NOT IN ('pg_catalog', 'pg_toast')
                AND pg_catalog.pg_table_is_visible(c.oid); args=None
(0.001) INSERT INTO "django_migrations" ("app", "name", "applied") VALUES ('auth', '0001_initial', '2016-08-09T15:28:59.128892+00:00'::timestamptz) RETURNING "django_migrations"."id"; args=('auth', '0001_initial', datetime.datetime(2016, 8, 9, 15, 28, 59, 128892, tzinfo=<UTC>))
CREATE TABLE "django_admin_log" ("id" serial NOT NULL PRIMARY KEY, "action_time" timestamp with time zone NOT NULL, "object_id" text NULL, "object_repr" varchar(200) NOT NULL, "action_flag" smallint NOT NULL CHECK ("action_flag" >= 0), "change_message" text NOT NULL, "content_type_id" integer NULL, "user_id" integer NOT NULL); (params None)
(0.010) CREATE TABLE "django_admin_log" ("id" serial NOT NULL PRIMARY KEY, "action_time" timestamp with time zone NOT NULL, "object_id" text NULL, "object_repr" varchar(200) NOT NULL, "action_flag" smallint NOT NULL CHECK ("action_flag" >= 0), "change_message" text NOT NULL, "content_type_id" integer NULL, "user_id" integer NOT NULL); args=None
ALTER TABLE "django_admin_log" ADD CONSTRAINT "django_admin_content_type_id_c4bce8eb_fk_django_content_type_id" FOREIGN KEY ("content_type_id") REFERENCES "django_content_type" ("id") DEFERRABLE INITIALLY DEFERRED; (params [])
(0.001) ALTER TABLE "django_admin_log" ADD CONSTRAINT "django_admin_content_type_id_c4bce8eb_fk_django_content_type_id" FOREIGN KEY ("content_type_id") REFERENCES "django_content_type" ("id") DEFERRABLE INITIALLY DEFERRED; args=[]
ALTER TABLE "django_admin_log" ADD CONSTRAINT "django_admin_log_user_id_c564eba6_fk_auth_user_id" FOREIGN KEY ("user_id") REFERENCES "auth_user" ("id") DEFERRABLE INITIALLY DEFERRED; (params [])
(0.001) ALTER TABLE "django_admin_log" ADD CONSTRAINT "django_admin_log_user_id_c564eba6_fk_auth_user_id" FOREIGN KEY ("user_id") REFERENCES "auth_user" ("id") DEFERRABLE INITIALLY DEFERRED; args=[]
CREATE INDEX "django_admin_log_417f1b1c" ON "django_admin_log" ("content_type_id"); (params [])
(0.004) CREATE INDEX "django_admin_log_417f1b1c" ON "django_admin_log" ("content_type_id"); args=[]
CREATE INDEX "django_admin_log_e8701ad4" ON "django_admin_log" ("user_id"); (params [])
(0.005) CREATE INDEX "django_admin_log_e8701ad4" ON "django_admin_log" ("user_id"); args=[]
(0.001) 
            SELECT c.relname, c.relkind
            FROM pg_catalog.pg_class c
            LEFT JOIN pg_catalog.pg_namespace n ON n.oid = c.relnamespace
            WHERE c.relkind IN ('r', 'v')
                AND n.nspname NOT IN ('pg_catalog', 'pg_toast')
                AND pg_catalog.pg_table_is_visible(c.oid); args=None
(0.001) INSERT INTO "django_migrations" ("app", "name", "applied") VALUES ('admin', '0001_initial', '2016-08-09T15:28:59.184916+00:00'::timestamptz) RETURNING "django_migrations"."id"; args=('admin', '0001_initial', datetime.datetime(2016, 8, 9, 15, 28, 59, 184916, tzinfo=<UTC>))
ALTER TABLE "django_admin_log" ALTER COLUMN "action_time" SET DEFAULT %s; (params [datetime.datetime(2016, 8, 9, 15, 28, 59, 206087, tzinfo=<UTC>)])
(0.001) ALTER TABLE "django_admin_log" ALTER COLUMN "action_time" SET DEFAULT '2016-08-09T15:28:59.206087+00:00'::timestamptz; args=[datetime.datetime(2016, 8, 9, 15, 28, 59, 206087, tzinfo=<UTC>)]
ALTER TABLE "django_admin_log" ALTER COLUMN "action_time" DROP DEFAULT; (params [])
(0.001) ALTER TABLE "django_admin_log" ALTER COLUMN "action_time" DROP DEFAULT; args=[]
(0.001) 
            SELECT c.relname, c.relkind
            FROM pg_catalog.pg_class c
            LEFT JOIN pg_catalog.pg_namespace n ON n.oid = c.relnamespace
            WHERE c.relkind IN ('r', 'v')
                AND n.nspname NOT IN ('pg_catalog', 'pg_toast')
                AND pg_catalog.pg_table_is_visible(c.oid); args=None
(0.000) INSERT INTO "django_migrations" ("app", "name", "applied") VALUES ('admin', '0002_logentry_remove_auto_add', '2016-08-09T15:28:59.213140+00:00'::timestamptz) RETURNING "django_migrations"."id"; args=('admin', '0002_logentry_remove_auto_add', datetime.datetime(2016, 8, 9, 15, 28, 59, 213140, tzinfo=<UTC>))
ALTER TABLE "django_content_type" ALTER COLUMN "name" DROP NOT NULL; (params [])
(0.001) ALTER TABLE "django_content_type" ALTER COLUMN "name" DROP NOT NULL; args=[]
ALTER TABLE "django_content_type" DROP COLUMN "name" CASCADE; (params [])
(0.000) ALTER TABLE "django_content_type" DROP COLUMN "name" CASCADE; args=[]
(0.001) 
            SELECT c.relname, c.relkind
            FROM pg_catalog.pg_class c
            LEFT JOIN pg_catalog.pg_namespace n ON n.oid = c.relnamespace
            WHERE c.relkind IN ('r', 'v')
                AND n.nspname NOT IN ('pg_catalog', 'pg_toast')
                AND pg_catalog.pg_table_is_visible(c.oid); args=None
(0.001) INSERT INTO "django_migrations" ("app", "name", "applied") VALUES ('contenttypes', '0002_remove_content_type_name', '2016-08-09T15:28:59.264681+00:00'::timestamptz) RETURNING "django_migrations"."id"; args=('contenttypes', '0002_remove_content_type_name', datetime.datetime(2016, 8, 9, 15, 28, 59, 264681, tzinfo=<UTC>))
ALTER TABLE "auth_permission" ALTER COLUMN "name" TYPE varchar(255) USING "name"::varchar(255); (params [])
(0.001) ALTER TABLE "auth_permission" ALTER COLUMN "name" TYPE varchar(255) USING "name"::varchar(255); args=[]
(0.001) 
            SELECT c.relname, c.relkind
            FROM pg_catalog.pg_class c
            LEFT JOIN pg_catalog.pg_namespace n ON n.oid = c.relnamespace
            WHERE c.relkind IN ('r', 'v')
                AND n.nspname NOT IN ('pg_catalog', 'pg_toast')
                AND pg_catalog.pg_table_is_visible(c.oid); args=None
(0.001) INSERT INTO "django_migrations" ("app", "name", "applied") VALUES ('auth', '0002_alter_permission_name_max_length', '2016-08-09T15:28:59.288334+00:00'::timestamptz) RETURNING "django_migrations"."id"; args=('auth', '0002_alter_permission_name_max_length', datetime.datetime(2016, 8, 9, 15, 28, 59, 288334, tzinfo=<UTC>))
ALTER TABLE "auth_user" ALTER COLUMN "email" TYPE varchar(254) USING "email"::varchar(254); (params [])
(0.001) ALTER TABLE "auth_user" ALTER COLUMN "email" TYPE varchar(254) USING "email"::varchar(254); args=[]
(0.001) 
            SELECT c.relname, c.relkind
            FROM pg_catalog.pg_class c
            LEFT JOIN pg_catalog.pg_namespace n ON n.oid = c.relnamespace
            WHERE c.relkind IN ('r', 'v')
                AND n.nspname NOT IN ('pg_catalog', 'pg_toast')
                AND pg_catalog.pg_table_is_visible(c.oid); args=None
(0.001) INSERT INTO "django_migrations" ("app", "name", "applied") VALUES ('auth', '0003_alter_user_email_max_length', '2016-08-09T15:28:59.315974+00:00'::timestamptz) RETURNING "django_migrations"."id"; args=('auth', '0003_alter_user_email_max_length', datetime.datetime(2016, 8, 9, 15, 28, 59, 315974, tzinfo=<UTC>))
(0.002) 
            SELECT c.relname, c.relkind
            FROM pg_catalog.pg_class c
            LEFT JOIN pg_catalog.pg_namespace n ON n.oid = c.relnamespace
            WHERE c.relkind IN ('r', 'v')
                AND n.nspname NOT IN ('pg_catalog', 'pg_toast')
                AND pg_catalog.pg_table_is_visible(c.oid); args=None
(0.001) INSERT INTO "django_migrations" ("app", "name", "applied") VALUES ('auth', '0004_alter_user_username_opts', '2016-08-09T15:28:59.338996+00:00'::timestamptz) RETURNING "django_migrations"."id"; args=('auth', '0004_alter_user_username_opts', datetime.datetime(2016, 8, 9, 15, 28, 59, 338996, tzinfo=<UTC>))
ALTER TABLE "auth_user" ALTER COLUMN "last_login" DROP NOT NULL; (params [])
(0.001) ALTER TABLE "auth_user" ALTER COLUMN "last_login" DROP NOT NULL; args=[]
(0.001) 
            SELECT c.relname, c.relkind
            FROM pg_catalog.pg_class c
            LEFT JOIN pg_catalog.pg_namespace n ON n.oid = c.relnamespace
            WHERE c.relkind IN ('r', 'v')
                AND n.nspname NOT IN ('pg_catalog', 'pg_toast')
                AND pg_catalog.pg_table_is_visible(c.oid); args=None
(0.001) INSERT INTO "django_migrations" ("app", "name", "applied") VALUES ('auth', '0005_alter_user_last_login_null', '2016-08-09T15:28:59.369786+00:00'::timestamptz) RETURNING "django_migrations"."id"; args=('auth', '0005_alter_user_last_login_null', datetime.datetime(2016, 8, 9, 15, 28, 59, 369786, tzinfo=<UTC>))
(0.002) 
            SELECT c.relname, c.relkind
            FROM pg_catalog.pg_class c
            LEFT JOIN pg_catalog.pg_namespace n ON n.oid = c.relnamespace
            WHERE c.relkind IN ('r', 'v')
                AND n.nspname NOT IN ('pg_catalog', 'pg_toast')
                AND pg_catalog.pg_table_is_visible(c.oid); args=None
(0.001) INSERT INTO "django_migrations" ("app", "name", "applied") VALUES ('auth', '0006_require_contenttypes_0002', '2016-08-09T15:28:59.378475+00:00'::timestamptz) RETURNING "django_migrations"."id"; args=('auth', '0006_require_contenttypes_0002', datetime.datetime(2016, 8, 9, 15, 28, 59, 378475, tzinfo=<UTC>))
(0.001) 
            SELECT c.relname, c.relkind
            FROM pg_catalog.pg_class c
            LEFT JOIN pg_catalog.pg_namespace n ON n.oid = c.relnamespace
            WHERE c.relkind IN ('r', 'v')
                AND n.nspname NOT IN ('pg_catalog', 'pg_toast')
                AND pg_catalog.pg_table_is_visible(c.oid); args=None
(0.001) INSERT INTO "django_migrations" ("app", "name", "applied") VALUES ('auth', '0007_alter_validators_add_error_messages', '2016-08-09T15:28:59.414065+00:00'::timestamptz) RETURNING "django_migrations"."id"; args=('auth', '0007_alter_validators_add_error_messages', datetime.datetime(2016, 8, 9, 15, 28, 59, 414065, tzinfo=<UTC>))
ALTER TABLE "auth_user" ALTER COLUMN "username" TYPE varchar(150) USING "username"::varchar(150); (params [])
(0.014) ALTER TABLE "auth_user" ALTER COLUMN "username" TYPE varchar(150) USING "username"::varchar(150); args=[]
(0.001) 
            SELECT c.relname, c.relkind
            FROM pg_catalog.pg_class c
            LEFT JOIN pg_catalog.pg_namespace n ON n.oid = c.relnamespace
            WHERE c.relkind IN ('r', 'v')
                AND n.nspname NOT IN ('pg_catalog', 'pg_toast')
                AND pg_catalog.pg_table_is_visible(c.oid); args=None
(0.001) INSERT INTO "django_migrations" ("app", "name", "applied") VALUES ('auth', '0008_alter_user_username_max_length', '2016-08-09T15:28:59.444327+00:00'::timestamptz) RETURNING "django_migrations"."id"; args=('auth', '0008_alter_user_username_max_length', datetime.datetime(2016, 8, 9, 15, 28, 59, 444327, tzinfo=<UTC>))
CREATE TABLE "django_session" ("session_key" varchar(40) NOT NULL PRIMARY KEY, "session_data" text NOT NULL, "expire_date" timestamp with time zone NOT NULL); (params None)
(0.010) CREATE TABLE "django_session" ("session_key" varchar(40) NOT NULL PRIMARY KEY, "session_data" text NOT NULL, "expire_date" timestamp with time zone NOT NULL); args=None
CREATE INDEX "django_session_de54fa62" ON "django_session" ("expire_date"); (params [])
(0.004) CREATE INDEX "django_session_de54fa62" ON "django_session" ("expire_date"); args=[]
CREATE INDEX "django_session_session_key_c0390e0f_like" ON "django_session" ("session_key" varchar_pattern_ops); (params [])
(0.007) CREATE INDEX "django_session_session_key_c0390e0f_like" ON "django_session" ("session_key" varchar_pattern_ops); args=[]
(0.001) 
            SELECT c.relname, c.relkind
            FROM pg_catalog.pg_class c
            LEFT JOIN pg_catalog.pg_namespace n ON n.oid = c.relnamespace
            WHERE c.relkind IN ('r', 'v')
                AND n.nspname NOT IN ('pg_catalog', 'pg_toast')
                AND pg_catalog.pg_table_is_visible(c.oid); args=None
(0.000) INSERT INTO "django_migrations" ("app", "name", "applied") VALUES ('sessions', '0001_initial', '2016-08-09T15:28:59.482176+00:00'::timestamptz) RETURNING "django_migrations"."id"; args=('sessions', '0001_initial', datetime.datetime(2016, 8, 9, 15, 28, 59, 482176, tzinfo=<UTC>))
(0.001) 
            SELECT c.relname, c.relkind
            FROM pg_catalog.pg_class c
            LEFT JOIN pg_catalog.pg_namespace n ON n.oid = c.relnamespace
            WHERE c.relkind IN ('r', 'v')
                AND n.nspname NOT IN ('pg_catalog', 'pg_toast')
                AND pg_catalog.pg_table_is_visible(c.oid); args=None
(0.002) SELECT "django_migrations"."app", "django_migrations"."name" FROM "django_migrations"; args=()
(0.001) SELECT "django_content_type"."id", "django_content_type"."app_label", "django_content_type"."model" FROM "django_content_type" WHERE ("django_content_type"."app_label" = 'admin' AND "django_content_type"."model" = 'logentry'); args=('admin', 'logentry')
(0.001) SELECT "django_content_type"."id", "django_content_type"."app_label", "django_content_type"."model" FROM "django_content_type" WHERE ("django_content_type"."app_label" = 'admin' AND "django_content_type"."model" = 'logentry'); args=('admin', 'logentry')
(0.001) INSERT INTO "django_content_type" ("app_label", "model") VALUES ('admin', 'logentry') RETURNING "django_content_type"."id"; args=('admin', 'logentry')
(0.001) SELECT "auth_permission"."content_type_id", "auth_permission"."codename" FROM "auth_permission" INNER JOIN "django_content_type" ON ("auth_permission"."content_type_id" = "django_content_type"."id") WHERE "auth_permission"."content_type_id" IN (1) ORDER BY "django_content_type"."app_label" ASC, "django_content_type"."model" ASC, "auth_permission"."codename" ASC; args=(1,)
(0.001) INSERT INTO "auth_permission" ("name", "content_type_id", "codename") VALUES ('Can add log entry', 1, 'add_logentry'), ('Can change log entry', 1, 'change_logentry'), ('Can delete log entry', 1, 'delete_logentry') RETURNING "auth_permission"."id"; args=('Can add log entry', 1, 'add_logentry', 'Can change log entry', 1, 'change_logentry', 'Can delete log entry', 1, 'delete_logentry')
(0.000) SELECT "django_content_type"."id", "django_content_type"."app_label", "django_content_type"."model" FROM "django_content_type" WHERE "django_content_type"."app_label" = 'admin'; args=('admin',)
(0.001) SELECT "django_content_type"."id", "django_content_type"."app_label", "django_content_type"."model" FROM "django_content_type" WHERE ("django_content_type"."app_label" = 'auth' AND "django_content_type"."model" = 'user'); args=('auth', 'user')
(0.001) SELECT "django_content_type"."id", "django_content_type"."app_label", "django_content_type"."model" FROM "django_content_type" WHERE ("django_content_type"."app_label" = 'auth' AND "django_content_type"."model" = 'user'); args=('auth', 'user')
(0.001) INSERT INTO "django_content_type" ("app_label", "model") VALUES ('auth', 'user') RETURNING "django_content_type"."id"; args=('auth', 'user')
(0.000) SELECT "django_content_type"."id", "django_content_type"."app_label", "django_content_type"."model" FROM "django_content_type" WHERE ("django_content_type"."app_label" = 'auth' AND "django_content_type"."model" = 'group'); args=('auth', 'group')
(0.000) SELECT "django_content_type"."id", "django_content_type"."app_label", "django_content_type"."model" FROM "django_content_type" WHERE ("django_content_type"."app_label" = 'auth' AND "django_content_type"."model" = 'group'); args=('auth', 'group')
(0.001) INSERT INTO "django_content_type" ("app_label", "model") VALUES ('auth', 'group') RETURNING "django_content_type"."id"; args=('auth', 'group')
(0.000) SELECT "django_content_type"."id", "django_content_type"."app_label", "django_content_type"."model" FROM "django_content_type" WHERE ("django_content_type"."app_label" = 'auth' AND "django_content_type"."model" = 'permission'); args=('auth', 'permission')
(0.000) SELECT "django_content_type"."id", "django_content_type"."app_label", "django_content_type"."model" FROM "django_content_type" WHERE ("django_content_type"."app_label" = 'auth' AND "django_content_type"."model" = 'permission'); args=('auth', 'permission')
(0.001) INSERT INTO "django_content_type" ("app_label", "model") VALUES ('auth', 'permission') RETURNING "django_content_type"."id"; args=('auth', 'permission')
(0.001) SELECT "auth_permission"."content_type_id", "auth_permission"."codename" FROM "auth_permission" INNER JOIN "django_content_type" ON ("auth_permission"."content_type_id" = "django_content_type"."id") WHERE "auth_permission"."content_type_id" IN (2, 3, 4) ORDER BY "django_content_type"."app_label" ASC, "django_content_type"."model" ASC, "auth_permission"."codename" ASC; args=(2, 3, 4)
(0.001) INSERT INTO "auth_permission" ("name", "content_type_id", "codename") VALUES ('Can add user', 2, 'add_user'), ('Can change user', 2, 'change_user'), ('Can delete user', 2, 'delete_user'), ('Can add group', 3, 'add_group'), ('Can change group', 3, 'change_group'), ('Can delete group', 3, 'delete_group'), ('Can add permission', 4, 'add_permission'), ('Can change permission', 4, 'change_permission'), ('Can delete permission', 4, 'delete_permission') RETURNING "auth_permission"."id"; args=('Can add user', 2, 'add_user', 'Can change user', 2, 'change_user', 'Can delete user', 2, 'delete_user', 'Can add group', 3, 'add_group', 'Can change group', 3, 'change_group', 'Can delete group', 3, 'delete_group', 'Can add permission', 4, 'add_permission', 'Can change permission', 4, 'change_permission', 'Can delete permission', 4, 'delete_permission')
(0.000) SELECT "django_content_type"."id", "django_content_type"."app_label", "django_content_type"."model" FROM "django_content_type" WHERE "django_content_type"."app_label" = 'auth'; args=('auth',)
(0.000) SELECT "django_content_type"."id", "django_content_type"."app_label", "django_content_type"."model" FROM "django_content_type" WHERE ("django_content_type"."app_label" = 'contenttypes' AND "django_content_type"."model" = 'contenttype'); args=('contenttypes', 'contenttype')
(0.000) SELECT "django_content_type"."id", "django_content_type"."app_label", "django_content_type"."model" FROM "django_content_type" WHERE ("django_content_type"."app_label" = 'contenttypes' AND "django_content_type"."model" = 'contenttype'); args=('contenttypes', 'contenttype')
(0.001) INSERT INTO "django_content_type" ("app_label", "model") VALUES ('contenttypes', 'contenttype') RETURNING "django_content_type"."id"; args=('contenttypes', 'contenttype')
(0.000) SELECT "auth_permission"."content_type_id", "auth_permission"."codename" FROM "auth_permission" INNER JOIN "django_content_type" ON ("auth_permission"."content_type_id" = "django_content_type"."id") WHERE "auth_permission"."content_type_id" IN (5) ORDER BY "django_content_type"."app_label" ASC, "django_content_type"."model" ASC, "auth_permission"."codename" ASC; args=(5,)
(0.001) INSERT INTO "auth_permission" ("name", "content_type_id", "codename") VALUES ('Can add content type', 5, 'add_contenttype'), ('Can change content type', 5, 'change_contenttype'), ('Can delete content type', 5, 'delete_contenttype') RETURNING "auth_permission"."id"; args=('Can add content type', 5, 'add_contenttype', 'Can change content type', 5, 'change_contenttype', 'Can delete content type', 5, 'delete_contenttype')
(0.000) SELECT "django_content_type"."id", "django_content_type"."app_label", "django_content_type"."model" FROM "django_content_type" WHERE "django_content_type"."app_label" = 'contenttypes'; args=('contenttypes',)
(0.000) SELECT "django_content_type"."id", "django_content_type"."app_label", "django_content_type"."model" FROM "django_content_type" WHERE ("django_content_type"."app_label" = 'sessions' AND "django_content_type"."model" = 'session'); args=('sessions', 'session')
(0.001) SELECT "django_content_type"."id", "django_content_type"."app_label", "django_content_type"."model" FROM "django_content_type" WHERE ("django_content_type"."app_label" = 'sessions' AND "django_content_type"."model" = 'session'); args=('sessions', 'session')
(0.001) INSERT INTO "django_content_type" ("app_label", "model") VALUES ('sessions', 'session') RETURNING "django_content_type"."id"; args=('sessions', 'session')
(0.001) SELECT "auth_permission"."content_type_id", "auth_permission"."codename" FROM "auth_permission" INNER JOIN "django_content_type" ON ("auth_permission"."content_type_id" = "django_content_type"."id") WHERE "auth_permission"."content_type_id" IN (6) ORDER BY "django_content_type"."app_label" ASC, "django_content_type"."model" ASC, "auth_permission"."codename" ASC; args=(6,)
(0.001) INSERT INTO "auth_permission" ("name", "content_type_id", "codename") VALUES ('Can add session', 6, 'add_session'), ('Can change session', 6, 'change_session'), ('Can delete session', 6, 'delete_session') RETURNING "auth_permission"."id"; args=('Can add session', 6, 'add_session', 'Can change session', 6, 'change_session', 'Can delete session', 6, 'delete_session')
(0.000) SELECT "django_content_type"."id", "django_content_type"."app_label", "django_content_type"."model" FROM "django_content_type" WHERE "django_content_type"."app_label" = 'sessions'; args=('sessions',)
(0.001) 
            SELECT c.relname, c.relkind
            FROM pg_catalog.pg_class c
            LEFT JOIN pg_catalog.pg_namespace n ON n.oid = c.relnamespace
            WHERE c.relkind IN ('r', 'v')
                AND n.nspname NOT IN ('pg_catalog', 'pg_toast')
                AND pg_catalog.pg_table_is_visible(c.oid); args=None
(0.001) SELECT "django_migrations"."app", "django_migrations"."name" FROM "django_migrations"; args=()
(0.001) SELECT "auth_user"."id", "auth_user"."password", "auth_user"."last_login", "auth_user"."is_superuser", "auth_user"."username", "auth_user"."first_name", "auth_user"."last_name", "auth_user"."email", "auth_user"."is_staff", "auth_user"."is_active", "auth_user"."date_joined" FROM "auth_user" WHERE "auth_user"."username" = 'root'; args=('root',)
(0.001) SELECT "auth_user"."id", "auth_user"."password", "auth_user"."last_login", "auth_user"."is_superuser", "auth_user"."username", "auth_user"."first_name", "auth_user"."last_name", "auth_user"."email", "auth_user"."is_staff", "auth_user"."is_active", "auth_user"."date_joined" FROM "auth_user" WHERE "auth_user"."username" = 'root'; args=('root',)
(0.002) INSERT INTO "auth_user" ("password", "last_login", "is_superuser", "username", "first_name", "last_name", "email", "is_staff", "is_active", "date_joined") VALUES ('pbkdf2_sha256$30000$aW3EEOuK4oKz$Nrc+rPvHTW7CLQOZ78ZtG56Ru9lQdq6EB9ef91IXekI=', NULL, true, 'root', '', '', 'asd@aaa.cc', true, true, '2016-08-09T15:29:22.301533+00:00'::timestamptz) RETURNING "auth_user"."id"; args=('pbkdf2_sha256$30000$aW3EEOuK4oKz$Nrc+rPvHTW7CLQOZ78ZtG56Ru9lQdq6EB9ef91IXekI=', None, True, 'root', '', '', 'asd@aaa.cc', True, True, datetime.datetime(2016, 8, 9, 15, 29, 22, 301533, tzinfo=<UTC>))
"GET /admin HTTP/1.0" 301 0
"GET /admin/ HTTP/1.0" 302 0
Exception while resolving variable 'is_popup' in template 'admin/login.html'.
Traceback (most recent call last):
  File "/usr/local/lib/python3.5/site-packages/django/template/base.py", line 885, in _resolve_lookup
    current = current[bit]
  File "/usr/local/lib/python3.5/site-packages/django/template/context.py", line 75, in __getitem__
    raise KeyError(key)
KeyError: 'is_popup'

During handling of the above exception, another exception occurred:

Traceback (most recent call last):
  File "/usr/local/lib/python3.5/site-packages/django/template/base.py", line 891, in _resolve_lookup
    if isinstance(current, BaseContext) and getattr(type(current), bit):
AttributeError: type object 'RequestContext' has no attribute 'is_popup'

During handling of the above exception, another exception occurred:

Traceback (most recent call last):
  File "/usr/local/lib/python3.5/site-packages/django/template/base.py", line 900, in _resolve_lookup
    current = current[int(bit)]
ValueError: invalid literal for int() with base 10: 'is_popup'

During handling of the above exception, another exception occurred:

Traceback (most recent call last):
  File "/usr/local/lib/python3.5/site-packages/django/template/base.py", line 907, in _resolve_lookup
    (bit, current))  # missing attribute
django.template.base.VariableDoesNotExist: Failed lookup for key [is_popup] in "[{'False': False, 'None': None, 'True': True}, {'messages': <django.contrib.messages.storage.fallback.FallbackStorage object at 0x7f0711c7bcf8>, 'perms': <django.contrib.auth.context_processors.PermWrapper object at 0x7f0711213a58>, 'DEFAULT_MESSAGE_LEVELS': {'DEBUG': 10, 'SUCCESS': 25, 'ERROR': 40, 'WARNING': 30, 'INFO': 20}, 'request': <WSGIRequest: GET '/admin/login/?next=/admin/'>, 'csrf_token': <SimpleLazyObject: <function csrf.<locals>._get_val at 0x7f0711c80268>>, 'user': <SimpleLazyObject: <django.contrib.auth.models.AnonymousUser object at 0x7f0711c7bd30>>}, {}, {'site_name': 'localhost', 'LANGUAGE_CODE': 'en-us', 'LANGUAGE_BIDI': False, 'site_header': <django.utils.functional.lazy.<locals>.__proxy__ object at 0x7f0715c3b6d8>, 'has_permission': False, 'title': 'Log in', 'site_url': '/', 'available_apps': [], 'form': <AdminAuthenticationForm bound=False, valid=Unknown, fields=(username;password)>, 'app_path': '/admin/login/?next=/admin/', 'site_title': <django.utils.functional.lazy.<locals>.__proxy__ object at 0x7f0715c3b630>, 'username': '', 'next': '/admin/', 'site': <django.contrib.sites.requests.RequestSite object at 0x7f07111fc048>}]"
Exception while resolving variable 'is_popup' in template 'admin/login.html'.
Traceback (most recent call last):
  File "/usr/local/lib/python3.5/site-packages/django/template/base.py", line 885, in _resolve_lookup
    current = current[bit]
  File "/usr/local/lib/python3.5/site-packages/django/template/context.py", line 75, in __getitem__
    raise KeyError(key)
KeyError: 'is_popup'

During handling of the above exception, another exception occurred:

Traceback (most recent call last):
  File "/usr/local/lib/python3.5/site-packages/django/template/base.py", line 891, in _resolve_lookup
    if isinstance(current, BaseContext) and getattr(type(current), bit):
AttributeError: type object 'RequestContext' has no attribute 'is_popup'

During handling of the above exception, another exception occurred:

Traceback (most recent call last):
  File "/usr/local/lib/python3.5/site-packages/django/template/base.py", line 900, in _resolve_lookup
    current = current[int(bit)]
ValueError: invalid literal for int() with base 10: 'is_popup'

During handling of the above exception, another exception occurred:

Traceback (most recent call last):
  File "/usr/local/lib/python3.5/site-packages/django/template/base.py", line 907, in _resolve_lookup
    (bit, current))  # missing attribute
django.template.base.VariableDoesNotExist: Failed lookup for key [is_popup] in "[{'False': False, 'None': None, 'True': True}, {'messages': <django.contrib.messages.storage.fallback.FallbackStorage object at 0x7f0711c7bcf8>, 'perms': <django.contrib.auth.context_processors.PermWrapper object at 0x7f0711213a58>, 'DEFAULT_MESSAGE_LEVELS': {'DEBUG': 10, 'SUCCESS': 25, 'ERROR': 40, 'WARNING': 30, 'INFO': 20}, 'request': <WSGIRequest: GET '/admin/login/?next=/admin/'>, 'csrf_token': <SimpleLazyObject: <function csrf.<locals>._get_val at 0x7f0711c80268>>, 'user': <SimpleLazyObject: <django.contrib.auth.models.AnonymousUser object at 0x7f0711c7bd30>>}, {}, {'site_name': 'localhost', 'LANGUAGE_CODE': 'en-us', 'LANGUAGE_BIDI': False, 'site_header': <django.utils.functional.lazy.<locals>.__proxy__ object at 0x7f0715c3b6d8>, 'has_permission': False, 'title': 'Log in', 'site_url': '/', 'available_apps': [], 'form': <AdminAuthenticationForm bound=False, valid=Unknown, fields=(username;password)>, 'app_path': '/admin/login/?next=/admin/', 'site_title': <django.utils.functional.lazy.<locals>.__proxy__ object at 0x7f0715c3b630>, 'username': '', 'next': '/admin/', 'site': <django.contrib.sites.requests.RequestSite object at 0x7f07111fc048>}]"
"GET /admin/login/?next=/admin/ HTTP/1.0" 200 1653
"GET /static/admin/css/base.css HTTP/1.0" 200 15937
"GET /static/admin/css/login.css HTTP/1.0" 200 1203
"GET /static/admin/css/fonts.css HTTP/1.0" 200 423
"GET /static/admin/fonts/Roboto-Regular-webfont.woff HTTP/1.0" 200 80304
"GET /static/admin/fonts/Roboto-Light-webfont.woff HTTP/1.0" 200 81348
(0.002) SELECT "auth_user"."id", "auth_user"."password", "auth_user"."last_login", "auth_user"."is_superuser", "auth_user"."username", "auth_user"."first_name", "auth_user"."last_name", "auth_user"."email", "auth_user"."is_staff", "auth_user"."is_active", "auth_user"."date_joined" FROM "auth_user" WHERE "auth_user"."username" = 'root'; args=('root',)
(0.001) SELECT (1) AS "a" FROM "django_session" WHERE "django_session"."session_key" = '89q9n097ma27qr397jf980v21rfgrj3s' LIMIT 1; args=('89q9n097ma27qr397jf980v21rfgrj3s',)
(0.001) INSERT INTO "django_session" ("session_key", "session_data", "expire_date") VALUES ('89q9n097ma27qr397jf980v21rfgrj3s', 'MmM2NDhkYzQ3MmJiZmZmOTliOTNjODJiMzc0MDU3MzkwN2RkNGFhYzp7fQ==', '2016-08-23T15:29:36.848567+00:00'::timestamptz); args=('89q9n097ma27qr397jf980v21rfgrj3s', 'MmM2NDhkYzQ3MmJiZmZmOTliOTNjODJiMzc0MDU3MzkwN2RkNGFhYzp7fQ==', datetime.datetime(2016, 8, 23, 15, 29, 36, 848567, tzinfo=<UTC>))
(0.001) UPDATE "auth_user" SET "last_login" = '2016-08-09T15:29:36.853115+00:00'::timestamptz WHERE "auth_user"."id" = 1; args=(datetime.datetime(2016, 8, 9, 15, 29, 36, 853115, tzinfo=<UTC>), 1)
(0.001) UPDATE "django_session" SET "session_data" = 'Zjk0MGM5N2I0YzgwN2ZhMjEzNDgxMjBhY2E3ZGMyY2I5N2Y2ZDgyMDp7Il9hdXRoX3VzZXJfaGFzaCI6IjQ4YjFkNGU4ODRlZGM0NzlkZDQ5MzM2M2E2MzNkMDU0MTk4OTYxNjUiLCJfYXV0aF91c2VyX2lkIjoiMSIsIl9hdXRoX3VzZXJfYmFja2VuZCI6ImRqYW5nby5jb250cmliLmF1dGguYmFja2VuZHMuTW9kZWxCYWNrZW5kIn0=', "expire_date" = '2016-08-23T15:29:36.858546+00:00'::timestamptz WHERE "django_session"."session_key" = '89q9n097ma27qr397jf980v21rfgrj3s'; args=('Zjk0MGM5N2I0YzgwN2ZhMjEzNDgxMjBhY2E3ZGMyY2I5N2Y2ZDgyMDp7Il9hdXRoX3VzZXJfaGFzaCI6IjQ4YjFkNGU4ODRlZGM0NzlkZDQ5MzM2M2E2MzNkMDU0MTk4OTYxNjUiLCJfYXV0aF91c2VyX2lkIjoiMSIsIl9hdXRoX3VzZXJfYmFja2VuZCI6ImRqYW5nby5jb250cmliLmF1dGguYmFja2VuZHMuTW9kZWxCYWNrZW5kIn0=', datetime.datetime(2016, 8, 23, 15, 29, 36, 858546, tzinfo=<UTC>), '89q9n097ma27qr397jf980v21rfgrj3s')
"POST /admin/login/?next=/admin/ HTTP/1.0" 302 0
(0.001) SELECT "django_session"."session_key", "django_session"."session_data", "django_session"."expire_date" FROM "django_session" WHERE ("django_session"."session_key" = '89q9n097ma27qr397jf980v21rfgrj3s' AND "django_session"."expire_date" > '2016-08-09T15:29:36.870883+00:00'::timestamptz); args=('89q9n097ma27qr397jf980v21rfgrj3s', datetime.datetime(2016, 8, 9, 15, 29, 36, 870883, tzinfo=<UTC>))
(0.001) SELECT "auth_user"."id", "auth_user"."password", "auth_user"."last_login", "auth_user"."is_superuser", "auth_user"."username", "auth_user"."first_name", "auth_user"."last_name", "auth_user"."email", "auth_user"."is_staff", "auth_user"."is_active", "auth_user"."date_joined" FROM "auth_user" WHERE "auth_user"."id" = 1; args=(1,)
Exception while resolving variable 'is_popup' in template 'admin/index.html'.
Traceback (most recent call last):
  File "/usr/local/lib/python3.5/site-packages/django/template/base.py", line 885, in _resolve_lookup
    current = current[bit]
  File "/usr/local/lib/python3.5/site-packages/django/template/context.py", line 75, in __getitem__
    raise KeyError(key)
KeyError: 'is_popup'

During handling of the above exception, another exception occurred:

Traceback (most recent call last):
  File "/usr/local/lib/python3.5/site-packages/django/template/base.py", line 891, in _resolve_lookup
    if isinstance(current, BaseContext) and getattr(type(current), bit):
AttributeError: type object 'RequestContext' has no attribute 'is_popup'

During handling of the above exception, another exception occurred:

Traceback (most recent call last):
  File "/usr/local/lib/python3.5/site-packages/django/template/base.py", line 900, in _resolve_lookup
    current = current[int(bit)]
ValueError: invalid literal for int() with base 10: 'is_popup'

During handling of the above exception, another exception occurred:

Traceback (most recent call last):
  File "/usr/local/lib/python3.5/site-packages/django/template/base.py", line 907, in _resolve_lookup
    (bit, current))  # missing attribute
django.template.base.VariableDoesNotExist: Failed lookup for key [is_popup] in "[{'False': False, 'None': None, 'True': True}, {'messages': <django.contrib.messages.storage.fallback.FallbackStorage object at 0x7f07111b27b8>, 'perms': <django.contrib.auth.context_processors.PermWrapper object at 0x7f07112077f0>, 'DEFAULT_MESSAGE_LEVELS': {'DEBUG': 10, 'SUCCESS': 25, 'ERROR': 40, 'WARNING': 30, 'INFO': 20}, 'request': <WSGIRequest: GET '/admin/'>, 'csrf_token': <SimpleLazyObject: <function csrf.<locals>._get_val at 0x7f0716bf08c8>>, 'user': <SimpleLazyObject: <User: root>>}, {}, {'app_list': [{'app_url': '/admin/auth/', 'name': <django.utils.functional.lazy.<locals>.__proxy__ object at 0x7f0715d32518>, 'models': [{'name': <django.utils.functional.lazy.<locals>.__proxy__ object at 0x7f07111b2b00>, 'object_name': 'Group', 'admin_url': '/admin/auth/group/', 'add_url': '/admin/auth/group/add/', 'perms': {'add': True, 'delete': True, 'change': True}}, {'name': <django.utils.functional.lazy.<locals>.__proxy__ object at 0x7f07111b2940>, 'object_name': 'User', 'admin_url': '/admin/auth/user/', 'add_url': '/admin/auth/user/add/', 'perms': {'add': True, 'delete': True, 'change': True}}], 'app_label': 'auth', 'has_module_perms': True}], 'site_url': '/', 'available_apps': [{'app_url': '/admin/auth/', 'name': <django.utils.functional.lazy.<locals>.__proxy__ object at 0x7f0715d32518>, 'models': [{'name': <django.utils.functional.lazy.<locals>.__proxy__ object at 0x7f07111b2128>, 'object_name': 'Group', 'admin_url': '/admin/auth/group/', 'add_url': '/admin/auth/group/add/', 'perms': {'add': True, 'delete': True, 'change': True}}, {'name': <django.utils.functional.lazy.<locals>.__proxy__ object at 0x7f07111b2160>, 'object_name': 'User', 'admin_url': '/admin/auth/user/', 'add_url': '/admin/auth/user/add/', 'perms': {'add': True, 'delete': True, 'change': True}}], 'app_label': 'auth', 'has_module_perms': True}], 'site_header': <django.utils.functional.lazy.<locals>.__proxy__ object at 0x7f0715c3b6d8>, 'has_permission': True, 'LANGUAGE_CODE': 'en-us', 'title': <django.utils.functional.lazy.<locals>.__proxy__ object at 0x7f0715c428d0>, 'site_title': <django.utils.functional.lazy.<locals>.__proxy__ object at 0x7f0715c3b630>, 'LANGUAGE_BIDI': False}]"
Exception while resolving variable 'is_popup' in template 'admin/index.html'.
Traceback (most recent call last):
  File "/usr/local/lib/python3.5/site-packages/django/template/base.py", line 885, in _resolve_lookup
    current = current[bit]
  File "/usr/local/lib/python3.5/site-packages/django/template/context.py", line 75, in __getitem__
    raise KeyError(key)
KeyError: 'is_popup'

During handling of the above exception, another exception occurred:

Traceback (most recent call last):
  File "/usr/local/lib/python3.5/site-packages/django/template/base.py", line 891, in _resolve_lookup
    if isinstance(current, BaseContext) and getattr(type(current), bit):
AttributeError: type object 'RequestContext' has no attribute 'is_popup'

During handling of the above exception, another exception occurred:

Traceback (most recent call last):
  File "/usr/local/lib/python3.5/site-packages/django/template/base.py", line 900, in _resolve_lookup
    current = current[int(bit)]
ValueError: invalid literal for int() with base 10: 'is_popup'

During handling of the above exception, another exception occurred:

Traceback (most recent call last):
  File "/usr/local/lib/python3.5/site-packages/django/template/base.py", line 907, in _resolve_lookup
    (bit, current))  # missing attribute
django.template.base.VariableDoesNotExist: Failed lookup for key [is_popup] in "[{'False': False, 'None': None, 'True': True}, {'messages': <django.contrib.messages.storage.fallback.FallbackStorage object at 0x7f07111b27b8>, 'perms': <django.contrib.auth.context_processors.PermWrapper object at 0x7f07112077f0>, 'DEFAULT_MESSAGE_LEVELS': {'DEBUG': 10, 'SUCCESS': 25, 'ERROR': 40, 'WARNING': 30, 'INFO': 20}, 'request': <WSGIRequest: GET '/admin/'>, 'csrf_token': <SimpleLazyObject: <function csrf.<locals>._get_val at 0x7f0716bf08c8>>, 'user': <SimpleLazyObject: <User: root>>}, {}, {'app_list': [{'app_url': '/admin/auth/', 'name': <django.utils.functional.lazy.<locals>.__proxy__ object at 0x7f0715d32518>, 'models': [{'name': <django.utils.functional.lazy.<locals>.__proxy__ object at 0x7f07111b2b00>, 'object_name': 'Group', 'admin_url': '/admin/auth/group/', 'add_url': '/admin/auth/group/add/', 'perms': {'add': True, 'delete': True, 'change': True}}, {'name': <django.utils.functional.lazy.<locals>.__proxy__ object at 0x7f07111b2940>, 'object_name': 'User', 'admin_url': '/admin/auth/user/', 'add_url': '/admin/auth/user/add/', 'perms': {'add': True, 'delete': True, 'change': True}}], 'app_label': 'auth', 'has_module_perms': True}], 'site_url': '/', 'available_apps': [{'app_url': '/admin/auth/', 'name': <django.utils.functional.lazy.<locals>.__proxy__ object at 0x7f0715d32518>, 'models': [{'name': <django.utils.functional.lazy.<locals>.__proxy__ object at 0x7f07111b2128>, 'object_name': 'Group', 'admin_url': '/admin/auth/group/', 'add_url': '/admin/auth/group/add/', 'perms': {'add': True, 'delete': True, 'change': True}}, {'name': <django.utils.functional.lazy.<locals>.__proxy__ object at 0x7f07111b2160>, 'object_name': 'User', 'admin_url': '/admin/auth/user/', 'add_url': '/admin/auth/user/add/', 'perms': {'add': True, 'delete': True, 'change': True}}], 'app_label': 'auth', 'has_module_perms': True}], 'site_header': <django.utils.functional.lazy.<locals>.__proxy__ object at 0x7f0715c3b6d8>, 'has_permission': True, 'LANGUAGE_CODE': 'en-us', 'title': <django.utils.functional.lazy.<locals>.__proxy__ object at 0x7f0715c428d0>, 'site_title': <django.utils.functional.lazy.<locals>.__proxy__ object at 0x7f0715c3b630>, 'LANGUAGE_BIDI': False}]"
(0.001) SELECT "django_admin_log"."id", "django_admin_log"."action_time", "django_admin_log"."user_id", "django_admin_log"."content_type_id", "django_admin_log"."object_id", "django_admin_log"."object_repr", "django_admin_log"."action_flag", "django_admin_log"."change_message", "auth_user"."id", "auth_user"."password", "auth_user"."last_login", "auth_user"."is_superuser", "auth_user"."username", "auth_user"."first_name", "auth_user"."last_name", "auth_user"."email", "auth_user"."is_staff", "auth_user"."is_active", "auth_user"."date_joined", "django_content_type"."id", "django_content_type"."app_label", "django_content_type"."model" FROM "django_admin_log" INNER JOIN "auth_user" ON ("django_admin_log"."user_id" = "auth_user"."id") LEFT OUTER JOIN "django_content_type" ON ("django_admin_log"."content_type_id" = "django_content_type"."id") WHERE "django_admin_log"."user_id" = 1 ORDER BY "django_admin_log"."action_time" DESC LIMIT 10; args=(1,)
"GET /admin/ HTTP/1.0" 200 2778
"GET /static/admin/css/dashboard.css HTTP/1.0" 200 434
"GET /static/admin/img/icon-addlink.svg HTTP/1.0" 200 331
"GET /static/admin/img/icon-changelink.svg HTTP/1.0" 200 380
"GET /static/admin/fonts/Roboto-Bold-webfont.woff HTTP/1.0" 200 82564
(0.005) 
            SELECT c.relname, c.relkind
            FROM pg_catalog.pg_class c
            LEFT JOIN pg_catalog.pg_namespace n ON n.oid = c.relnamespace
            WHERE c.relkind IN ('r', 'v')
                AND n.nspname NOT IN ('pg_catalog', 'pg_toast')
                AND pg_catalog.pg_table_is_visible(c.oid); args=None
(0.003) SELECT "django_migrations"."app", "django_migrations"."name" FROM "django_migrations"; args=()
(0.002) 
            SELECT c.relname, c.relkind
            FROM pg_catalog.pg_class c
            LEFT JOIN pg_catalog.pg_namespace n ON n.oid = c.relnamespace
            WHERE c.relkind IN ('r', 'v')
                AND n.nspname NOT IN ('pg_catalog', 'pg_toast')
                AND pg_catalog.pg_table_is_visible(c.oid); args=None
(0.001) SELECT "django_migrations"."app", "django_migrations"."name" FROM "django_migrations"; args=()
(0.002) 
            SELECT c.relname, c.relkind
            FROM pg_catalog.pg_class c
            LEFT JOIN pg_catalog.pg_namespace n ON n.oid = c.relnamespace
            WHERE c.relkind IN ('r', 'v')
                AND n.nspname NOT IN ('pg_catalog', 'pg_toast')
                AND pg_catalog.pg_table_is_visible(c.oid); args=None
(0.001) SELECT "django_migrations"."app", "django_migrations"."name" FROM "django_migrations"; args=()
(0.002) 
            SELECT c.relname, c.relkind
            FROM pg_catalog.pg_class c
            LEFT JOIN pg_catalog.pg_namespace n ON n.oid = c.relnamespace
            WHERE c.relkind IN ('r', 'v')
                AND n.nspname NOT IN ('pg_catalog', 'pg_toast')
                AND pg_catalog.pg_table_is_visible(c.oid); args=None
(0.001) SELECT "django_migrations"."app", "django_migrations"."name" FROM "django_migrations"; args=()
(0.002) 
            SELECT c.relname, c.relkind
            FROM pg_catalog.pg_class c
            LEFT JOIN pg_catalog.pg_namespace n ON n.oid = c.relnamespace
            WHERE c.relkind IN ('r', 'v')
                AND n.nspname NOT IN ('pg_catalog', 'pg_toast')
                AND pg_catalog.pg_table_is_visible(c.oid); args=None
(0.001) SELECT "django_migrations"."app", "django_migrations"."name" FROM "django_migrations"; args=()
(0.002) 
            SELECT c.relname, c.relkind
            FROM pg_catalog.pg_class c
            LEFT JOIN pg_catalog.pg_namespace n ON n.oid = c.relnamespace
            WHERE c.relkind IN ('r', 'v')
                AND n.nspname NOT IN ('pg_catalog', 'pg_toast')
                AND pg_catalog.pg_table_is_visible(c.oid); args=None
(0.001) SELECT "django_migrations"."app", "django_migrations"."name" FROM "django_migrations"; args=()
(0.002) 
            SELECT c.relname, c.relkind
            FROM pg_catalog.pg_class c
            LEFT JOIN pg_catalog.pg_namespace n ON n.oid = c.relnamespace
            WHERE c.relkind IN ('r', 'v')
                AND n.nspname NOT IN ('pg_catalog', 'pg_toast')
                AND pg_catalog.pg_table_is_visible(c.oid); args=None
(0.001) SELECT "django_migrations"."app", "django_migrations"."name" FROM "django_migrations"; args=()
(0.001) 
            SELECT c.relname, c.relkind
            FROM pg_catalog.pg_class c
            LEFT JOIN pg_catalog.pg_namespace n ON n.oid = c.relnamespace
            WHERE c.relkind IN ('r', 'v')
                AND n.nspname NOT IN ('pg_catalog', 'pg_toast')
                AND pg_catalog.pg_table_is_visible(c.oid); args=None
(0.001) SELECT "django_migrations"."app", "django_migrations"."name" FROM "django_migrations"; args=()
(0.001) 
            SELECT c.relname, c.relkind
            FROM pg_catalog.pg_class c
            LEFT JOIN pg_catalog.pg_namespace n ON n.oid = c.relnamespace
            WHERE c.relkind IN ('r', 'v')
                AND n.nspname NOT IN ('pg_catalog', 'pg_toast')
                AND pg_catalog.pg_table_is_visible(c.oid); args=None
(0.001) SELECT "django_migrations"."app", "django_migrations"."name" FROM "django_migrations"; args=()
(0.002) 
            SELECT c.relname, c.relkind
            FROM pg_catalog.pg_class c
            LEFT JOIN pg_catalog.pg_namespace n ON n.oid = c.relnamespace
            WHERE c.relkind IN ('r', 'v')
                AND n.nspname NOT IN ('pg_catalog', 'pg_toast')
                AND pg_catalog.pg_table_is_visible(c.oid); args=None
(0.001) SELECT "django_migrations"."app", "django_migrations"."name" FROM "django_migrations"; args=()
(0.002) 
            SELECT c.relname, c.relkind
            FROM pg_catalog.pg_class c
            LEFT JOIN pg_catalog.pg_namespace n ON n.oid = c.relnamespace
            WHERE c.relkind IN ('r', 'v')
                AND n.nspname NOT IN ('pg_catalog', 'pg_toast')
                AND pg_catalog.pg_table_is_visible(c.oid); args=None
(0.003) SELECT "django_migrations"."app", "django_migrations"."name" FROM "django_migrations"; args=()
(0.001) 
            SELECT c.relname, c.relkind
            FROM pg_catalog.pg_class c
            LEFT JOIN pg_catalog.pg_namespace n ON n.oid = c.relnamespace
            WHERE c.relkind IN ('r', 'v')
                AND n.nspname NOT IN ('pg_catalog', 'pg_toast')
                AND pg_catalog.pg_table_is_visible(c.oid); args=None
(0.001) SELECT "django_migrations"."app", "django_migrations"."name" FROM "django_migrations"; args=()
(0.002) 
            SELECT c.relname, c.relkind
            FROM pg_catalog.pg_class c
            LEFT JOIN pg_catalog.pg_namespace n ON n.oid = c.relnamespace
            WHERE c.relkind IN ('r', 'v')
                AND n.nspname NOT IN ('pg_catalog', 'pg_toast')
                AND pg_catalog.pg_table_is_visible(c.oid); args=None
(0.001) SELECT "django_migrations"."app", "django_migrations"."name" FROM "django_migrations"; args=()
(0.002) 
            SELECT c.relname, c.relkind
            FROM pg_catalog.pg_class c
            LEFT JOIN pg_catalog.pg_namespace n ON n.oid = c.relnamespace
            WHERE c.relkind IN ('r', 'v')
                AND n.nspname NOT IN ('pg_catalog', 'pg_toast')
                AND pg_catalog.pg_table_is_visible(c.oid); args=None
(0.001) SELECT "django_migrations"."app", "django_migrations"."name" FROM "django_migrations"; args=()
(0.002) 
            SELECT c.relname, c.relkind
            FROM pg_catalog.pg_class c
            LEFT JOIN pg_catalog.pg_namespace n ON n.oid = c.relnamespace
            WHERE c.relkind IN ('r', 'v')
                AND n.nspname NOT IN ('pg_catalog', 'pg_toast')
                AND pg_catalog.pg_table_is_visible(c.oid); args=None
(0.001) SELECT "django_migrations"."app", "django_migrations"."name" FROM "django_migrations"; args=()
(0.001) 
            SELECT c.relname, c.relkind
            FROM pg_catalog.pg_class c
            LEFT JOIN pg_catalog.pg_namespace n ON n.oid = c.relnamespace
            WHERE c.relkind IN ('r', 'v')
                AND n.nspname NOT IN ('pg_catalog', 'pg_toast')
                AND pg_catalog.pg_table_is_visible(c.oid); args=None
(0.000) SELECT "django_migrations"."app", "django_migrations"."name" FROM "django_migrations"; args=()
(0.001) 
            SELECT c.relname, c.relkind
            FROM pg_catalog.pg_class c
            LEFT JOIN pg_catalog.pg_namespace n ON n.oid = c.relnamespace
            WHERE c.relkind IN ('r', 'v')
                AND n.nspname NOT IN ('pg_catalog', 'pg_toast')
                AND pg_catalog.pg_table_is_visible(c.oid); args=None
(0.001) SELECT "django_migrations"."app", "django_migrations"."name" FROM "django_migrations"; args=()
(0.001) 
            SELECT c.relname, c.relkind
            FROM pg_catalog.pg_class c
            LEFT JOIN pg_catalog.pg_namespace n ON n.oid = c.relnamespace
            WHERE c.relkind IN ('r', 'v')
                AND n.nspname NOT IN ('pg_catalog', 'pg_toast')
                AND pg_catalog.pg_table_is_visible(c.oid); args=None
(0.000) SELECT "django_migrations"."app", "django_migrations"."name" FROM "django_migrations"; args=()
(0.035) 
            SELECT c.relname, c.relkind
            FROM pg_catalog.pg_class c
            LEFT JOIN pg_catalog.pg_namespace n ON n.oid = c.relnamespace
            WHERE c.relkind IN ('r', 'v')
                AND n.nspname NOT IN ('pg_catalog', 'pg_toast')
                AND pg_catalog.pg_table_is_visible(c.oid); args=None
(0.003) SELECT "django_migrations"."app", "django_migrations"."name" FROM "django_migrations"; args=()
(0.052) 
            SELECT c.relname, c.relkind
            FROM pg_catalog.pg_class c
            LEFT JOIN pg_catalog.pg_namespace n ON n.oid = c.relnamespace
            WHERE c.relkind IN ('r', 'v')
                AND n.nspname NOT IN ('pg_catalog', 'pg_toast')
                AND pg_catalog.pg_table_is_visible(c.oid); args=None
(0.009) SELECT "django_migrations"."app", "django_migrations"."name" FROM "django_migrations"; args=()
(0.004) 
            SELECT c.relname, c.relkind
            FROM pg_catalog.pg_class c
            LEFT JOIN pg_catalog.pg_namespace n ON n.oid = c.relnamespace
            WHERE c.relkind IN ('r', 'v')
                AND n.nspname NOT IN ('pg_catalog', 'pg_toast')
                AND pg_catalog.pg_table_is_visible(c.oid); args=None
(0.001) SELECT "django_migrations"."app", "django_migrations"."name" FROM "django_migrations"; args=()
"GET / HTTP/1.0" 200 1767
